<?xml version="1.0" encoding="UTF-8"?>
<testsuite name="org.stage.xss.core.XssFilterAopReigsterTest" tests="4" skipped="0" failures="0" errors="0" timestamp="2023-03-03T07:10:21" hostname="xb-apple.local" time="0.251">
  <properties/>
  <testcase name="Xss Filtering 파라미터 한개 성공 테스트" classname="org.stage.xss.core.XssFilterAopReigsterTest" time="0.237"/>
  <testcase name="Xss Filtering 파라미터 둘 중 한개 성공 테스트" classname="org.stage.xss.core.XssFilterAopReigsterTest" time="0.004"/>
  <testcase name="Xss Wrong Filtering 파라미터 실패 테스트" classname="org.stage.xss.core.XssFilterAopReigsterTest" time="0.003"/>
  <testcase name="Xss Filtering 파라미터 두개 성공 테스트" classname="org.stage.xss.core.XssFilterAopReigsterTest" time="0.003"/>
  <system-out><![CDATA[16:10:21.822 [Test worker] DEBUG org.springframework.test.context.BootstrapUtils - Instantiating CacheAwareContextLoaderDelegate from class [org.springframework.test.context.cache.DefaultCacheAwareContextLoaderDelegate]
16:10:21.827 [Test worker] DEBUG org.springframework.test.context.BootstrapUtils - Instantiating BootstrapContext using constructor [public org.springframework.test.context.support.DefaultBootstrapContext(java.lang.Class,org.springframework.test.context.CacheAwareContextLoaderDelegate)]
16:10:21.836 [Test worker] DEBUG org.springframework.test.context.BootstrapUtils - Instantiating TestContextBootstrapper for test class [org.stage.xss.core.XssFilterAopReigsterTest] from class [org.springframework.test.context.support.DefaultTestContextBootstrapper]
16:10:21.843 [Test worker] DEBUG org.springframework.test.context.support.AbstractDelegatingSmartContextLoader - Delegating to AnnotationConfigContextLoader to process context configuration [ContextConfigurationAttributes@a307a8c declaringClass = 'org.stage.xss.core.XssFilterAopReigsterTest', classes = '{class org.stage.xss.core.XssFilterAop, class org.stage.xss.core.spi.TestXssFilter}', locations = '{}', inheritLocations = true, initializers = '{}', inheritInitializers = true, name = [null], contextLoaderClass = 'org.springframework.test.context.ContextLoader'].
16:10:21.856 [Test worker] DEBUG org.springframework.test.context.support.ActiveProfilesUtils - Could not find an 'annotation declaring class' for annotation type [org.springframework.test.context.ActiveProfiles] and class [org.stage.xss.core.XssFilterAopReigsterTest]
16:10:21.857 [Test worker] DEBUG org.springframework.test.context.support.DefaultTestContextBootstrapper - @TestExecutionListeners is not present for class [org.stage.xss.core.XssFilterAopReigsterTest]: using defaults.
16:10:21.857 [Test worker] INFO org.springframework.test.context.support.DefaultTestContextBootstrapper - Loaded default TestExecutionListener class names from location [META-INF/spring.factories]: [org.springframework.boot.test.autoconfigure.restdocs.RestDocsTestExecutionListener, org.springframework.boot.test.autoconfigure.web.client.MockRestServiceServerResetTestExecutionListener, org.springframework.boot.test.autoconfigure.web.servlet.MockMvcPrintOnlyOnFailureTestExecutionListener, org.springframework.boot.test.autoconfigure.web.servlet.WebDriverTestExecutionListener, org.springframework.boot.test.autoconfigure.webservices.client.MockWebServiceServerTestExecutionListener, org.springframework.boot.test.mock.mockito.MockitoTestExecutionListener, org.springframework.boot.test.mock.mockito.ResetMocksTestExecutionListener, org.springframework.test.context.web.ServletTestExecutionListener, org.springframework.test.context.support.DirtiesContextBeforeModesTestExecutionListener, org.springframework.test.context.event.ApplicationEventsTestExecutionListener, org.springframework.test.context.support.DependencyInjectionTestExecutionListener, org.springframework.test.context.support.DirtiesContextTestExecutionListener, org.springframework.test.context.transaction.TransactionalTestExecutionListener, org.springframework.test.context.jdbc.SqlScriptsTestExecutionListener, org.springframework.test.context.event.EventPublishingTestExecutionListener]
16:10:21.860 [Test worker] DEBUG org.springframework.test.context.support.DefaultTestContextBootstrapper - Skipping candidate TestExecutionListener [org.springframework.test.context.web.ServletTestExecutionListener] due to a missing dependency. Specify custom listener classes or make the default listener classes and their required dependencies available. Offending class: [javax/servlet/ServletContext]
16:10:21.860 [Test worker] DEBUG org.springframework.test.context.support.DefaultTestContextBootstrapper - Skipping candidate TestExecutionListener [org.springframework.test.context.transaction.TransactionalTestExecutionListener] due to a missing dependency. Specify custom listener classes or make the default listener classes and their required dependencies available. Offending class: [org/springframework/transaction/interceptor/TransactionAttributeSource]
16:10:21.860 [Test worker] DEBUG org.springframework.test.context.support.DefaultTestContextBootstrapper - Skipping candidate TestExecutionListener [org.springframework.test.context.jdbc.SqlScriptsTestExecutionListener] due to a missing dependency. Specify custom listener classes or make the default listener classes and their required dependencies available. Offending class: [org/springframework/transaction/interceptor/TransactionAttribute]
16:10:21.860 [Test worker] INFO org.springframework.test.context.support.DefaultTestContextBootstrapper - Using TestExecutionListeners: [org.springframework.test.context.support.DirtiesContextBeforeModesTestExecutionListener@106cc338, org.springframework.test.context.event.ApplicationEventsTestExecutionListener@7a67e3c6, org.springframework.boot.test.mock.mockito.MockitoTestExecutionListener@6cc558c6, org.springframework.test.context.support.DependencyInjectionTestExecutionListener@15713d56, org.springframework.test.context.support.DirtiesContextTestExecutionListener@63f259c3, org.springframework.test.context.event.EventPublishingTestExecutionListener@26ceffa8, org.springframework.boot.test.autoconfigure.restdocs.RestDocsTestExecutionListener@600b90df, org.springframework.boot.test.autoconfigure.web.client.MockRestServiceServerResetTestExecutionListener@7c8c9a05, org.springframework.boot.test.autoconfigure.web.servlet.MockMvcPrintOnlyOnFailureTestExecutionListener@d41f816, org.springframework.boot.test.autoconfigure.web.servlet.WebDriverTestExecutionListener@5c2375a9, org.springframework.boot.test.autoconfigure.webservices.client.MockWebServiceServerTestExecutionListener@60129b9a, org.springframework.boot.test.mock.mockito.ResetMocksTestExecutionListener@78d6692f]
16:10:21.861 [Test worker] DEBUG org.springframework.test.context.support.AbstractDirtiesContextTestExecutionListener - Before test class: context [DefaultTestContext@67545b57 testClass = XssFilterAopReigsterTest, testInstance = [null], testMethod = [null], testException = [null], mergedContextConfiguration = [MergedContextConfiguration@6c2c1385 testClass = XssFilterAopReigsterTest, locations = '{}', classes = '{class org.stage.xss.core.XssFilterAop, class org.stage.xss.core.spi.TestXssFilter}', contextInitializerClasses = '[]', activeProfiles = '{}', propertySourceLocations = '{}', propertySourceProperties = '{}', contextCustomizers = set[org.springframework.boot.test.autoconfigure.actuate.metrics.MetricsExportContextCustomizerFactory$DisableMetricExportContextCustomizer@1fb19a0, org.springframework.boot.test.autoconfigure.properties.PropertyMappingContextCustomizer@0, org.springframework.boot.test.autoconfigure.web.servlet.WebDriverContextCustomizerFactory$Customizer@479ceda0, org.springframework.boot.test.context.filter.ExcludeFilterContextCustomizer@38ba6ce3, org.springframework.boot.test.json.DuplicateJsonObjectContextCustomizerFactory$DuplicateJsonObjectContextCustomizer@7fbdb894, org.springframework.boot.test.mock.mockito.MockitoContextCustomizer@0], contextLoader = 'org.springframework.test.context.support.DelegatingSmartContextLoader', parent = [null]], attributes = map[[empty]]], class annotated with @DirtiesContext [false] with mode [null].
16:10:21.865 [Test worker] DEBUG org.springframework.test.context.support.DependencyInjectionTestExecutionListener - Performing dependency injection for test context [[DefaultTestContext@67545b57 testClass = XssFilterAopReigsterTest, testInstance = org.stage.xss.core.XssFilterAopReigsterTest@673be18f, testMethod = [null], testException = [null], mergedContextConfiguration = [MergedContextConfiguration@6c2c1385 testClass = XssFilterAopReigsterTest, locations = '{}', classes = '{class org.stage.xss.core.XssFilterAop, class org.stage.xss.core.spi.TestXssFilter}', contextInitializerClasses = '[]', activeProfiles = '{}', propertySourceLocations = '{}', propertySourceProperties = '{}', contextCustomizers = set[org.springframework.boot.test.autoconfigure.actuate.metrics.MetricsExportContextCustomizerFactory$DisableMetricExportContextCustomizer@1fb19a0, org.springframework.boot.test.autoconfigure.properties.PropertyMappingContextCustomizer@0, org.springframework.boot.test.autoconfigure.web.servlet.WebDriverContextCustomizerFactory$Customizer@479ceda0, org.springframework.boot.test.context.filter.ExcludeFilterContextCustomizer@38ba6ce3, org.springframework.boot.test.json.DuplicateJsonObjectContextCustomizerFactory$DuplicateJsonObjectContextCustomizer@7fbdb894, org.springframework.boot.test.mock.mockito.MockitoContextCustomizer@0], contextLoader = 'org.springframework.test.context.support.DelegatingSmartContextLoader', parent = [null]], attributes = map['org.springframework.test.context.event.ApplicationEventsTestExecutionListener.recordApplicationEvents' -> false]]].
16:10:21.865 [Test worker] DEBUG org.springframework.test.context.support.AbstractDelegatingSmartContextLoader - Delegating to AnnotationConfigContextLoader to load context from [MergedContextConfiguration@6c2c1385 testClass = XssFilterAopReigsterTest, locations = '{}', classes = '{class org.stage.xss.core.XssFilterAop, class org.stage.xss.core.spi.TestXssFilter}', contextInitializerClasses = '[]', activeProfiles = '{}', propertySourceLocations = '{}', propertySourceProperties = '{}', contextCustomizers = set[org.springframework.boot.test.autoconfigure.actuate.metrics.MetricsExportContextCustomizerFactory$DisableMetricExportContextCustomizer@1fb19a0, org.springframework.boot.test.autoconfigure.properties.PropertyMappingContextCustomizer@0, org.springframework.boot.test.autoconfigure.web.servlet.WebDriverContextCustomizerFactory$Customizer@479ceda0, org.springframework.boot.test.context.filter.ExcludeFilterContextCustomizer@38ba6ce3, org.springframework.boot.test.json.DuplicateJsonObjectContextCustomizerFactory$DuplicateJsonObjectContextCustomizer@7fbdb894, org.springframework.boot.test.mock.mockito.MockitoContextCustomizer@0], contextLoader = 'org.springframework.test.context.support.DelegatingSmartContextLoader', parent = [null]].
16:10:21.866 [Test worker] DEBUG org.springframework.test.context.support.AbstractGenericContextLoader - Loading ApplicationContext for merged context configuration [[MergedContextConfiguration@6c2c1385 testClass = XssFilterAopReigsterTest, locations = '{}', classes = '{class org.stage.xss.core.XssFilterAop, class org.stage.xss.core.spi.TestXssFilter}', contextInitializerClasses = '[]', activeProfiles = '{}', propertySourceLocations = '{}', propertySourceProperties = '{}', contextCustomizers = set[org.springframework.boot.test.autoconfigure.actuate.metrics.MetricsExportContextCustomizerFactory$DisableMetricExportContextCustomizer@1fb19a0, org.springframework.boot.test.autoconfigure.properties.PropertyMappingContextCustomizer@0, org.springframework.boot.test.autoconfigure.web.servlet.WebDriverContextCustomizerFactory$Customizer@479ceda0, org.springframework.boot.test.context.filter.ExcludeFilterContextCustomizer@38ba6ce3, org.springframework.boot.test.json.DuplicateJsonObjectContextCustomizerFactory$DuplicateJsonObjectContextCustomizer@7fbdb894, org.springframework.boot.test.mock.mockito.MockitoContextCustomizer@0], contextLoader = 'org.springframework.test.context.support.DelegatingSmartContextLoader', parent = [null]]].
16:10:21.878 [Test worker] DEBUG org.springframework.core.env.StandardEnvironment - Activating profiles []
16:10:21.878 [Test worker] DEBUG org.springframework.test.context.support.AnnotationConfigContextLoader - Registering component classes: {class org.stage.xss.core.XssFilterAop, class org.stage.xss.core.spi.TestXssFilter}
16:10:21.892 [Test worker] DEBUG org.springframework.context.support.GenericApplicationContext - Refreshing org.springframework.context.support.GenericApplicationContext@6f63b475
16:10:21.896 [Test worker] DEBUG org.springframework.beans.factory.support.DefaultListableBeanFactory - Creating shared instance of singleton bean 'org.springframework.context.annotation.internalConfigurationAnnotationProcessor'
16:10:21.906 [Test worker] DEBUG org.springframework.beans.factory.support.DefaultListableBeanFactory - Creating shared instance of singleton bean 'org.springframework.boot.test.mock.mockito.MockitoPostProcessor'
16:10:21.911 [Test worker] DEBUG org.springframework.beans.factory.support.DefaultListableBeanFactory - Creating shared instance of singleton bean 'org.springframework.context.event.internalEventListenerProcessor'
16:10:21.911 [Test worker] DEBUG org.springframework.beans.factory.support.DefaultListableBeanFactory - Creating shared instance of singleton bean 'org.springframework.context.event.internalEventListenerFactory'
16:10:21.912 [Test worker] DEBUG org.springframework.beans.factory.support.DefaultListableBeanFactory - Creating shared instance of singleton bean 'org.springframework.context.annotation.internalAutowiredAnnotationProcessor'
16:10:21.912 [Test worker] DEBUG org.springframework.beans.factory.support.DefaultListableBeanFactory - Creating shared instance of singleton bean 'org.springframework.context.annotation.internalCommonAnnotationProcessor'
16:10:21.914 [Test worker] DEBUG org.springframework.beans.factory.support.DefaultListableBeanFactory - Creating shared instance of singleton bean 'org.springframework.boot.test.mock.mockito.MockitoPostProcessor$SpyPostProcessor'
16:10:21.917 [Test worker] DEBUG org.springframework.beans.factory.support.DefaultListableBeanFactory - Creating shared instance of singleton bean 'xssFilterAop'
16:10:21.922 [Test worker] DEBUG org.springframework.beans.factory.support.DefaultListableBeanFactory - Creating shared instance of singleton bean 'testXssFilter'
16:10:21.930 [Test worker] DEBUG org.springframework.beans.factory.support.DefaultListableBeanFactory - Autowiring by type from bean name 'xssFilterAop' via constructor to bean named 'testXssFilter'
16:10:21.934 [Test worker] DEBUG org.springframework.test.context.cache.DefaultCacheAwareContextLoaderDelegate - Storing ApplicationContext [1868805237] in cache under key [[MergedContextConfiguration@6c2c1385 testClass = XssFilterAopReigsterTest, locations = '{}', classes = '{class org.stage.xss.core.XssFilterAop, class org.stage.xss.core.spi.TestXssFilter}', contextInitializerClasses = '[]', activeProfiles = '{}', propertySourceLocations = '{}', propertySourceProperties = '{}', contextCustomizers = set[org.springframework.boot.test.autoconfigure.actuate.metrics.MetricsExportContextCustomizerFactory$DisableMetricExportContextCustomizer@1fb19a0, org.springframework.boot.test.autoconfigure.properties.PropertyMappingContextCustomizer@0, org.springframework.boot.test.autoconfigure.web.servlet.WebDriverContextCustomizerFactory$Customizer@479ceda0, org.springframework.boot.test.context.filter.ExcludeFilterContextCustomizer@38ba6ce3, org.springframework.boot.test.json.DuplicateJsonObjectContextCustomizerFactory$DuplicateJsonObjectContextCustomizer@7fbdb894, org.springframework.boot.test.mock.mockito.MockitoContextCustomizer@0], contextLoader = 'org.springframework.test.context.support.DelegatingSmartContextLoader', parent = [null]]]
16:10:21.934 [Test worker] DEBUG org.springframework.test.context.cache - Spring test ApplicationContext cache statistics: [DefaultContextCache@34a1d21f size = 1, maxSize = 32, parentContextCount = 0, hitCount = 0, missCount = 1]
16:10:21.936 [Test worker] DEBUG org.springframework.test.context.cache.DefaultCacheAwareContextLoaderDelegate - Retrieved ApplicationContext [1868805237] from cache with key [[MergedContextConfiguration@6c2c1385 testClass = XssFilterAopReigsterTest, locations = '{}', classes = '{class org.stage.xss.core.XssFilterAop, class org.stage.xss.core.spi.TestXssFilter}', contextInitializerClasses = '[]', activeProfiles = '{}', propertySourceLocations = '{}', propertySourceProperties = '{}', contextCustomizers = set[org.springframework.boot.test.autoconfigure.actuate.metrics.MetricsExportContextCustomizerFactory$DisableMetricExportContextCustomizer@1fb19a0, org.springframework.boot.test.autoconfigure.properties.PropertyMappingContextCustomizer@0, org.springframework.boot.test.autoconfigure.web.servlet.WebDriverContextCustomizerFactory$Customizer@479ceda0, org.springframework.boot.test.context.filter.ExcludeFilterContextCustomizer@38ba6ce3, org.springframework.boot.test.json.DuplicateJsonObjectContextCustomizerFactory$DuplicateJsonObjectContextCustomizer@7fbdb894, org.springframework.boot.test.mock.mockito.MockitoContextCustomizer@0], contextLoader = 'org.springframework.test.context.support.DelegatingSmartContextLoader', parent = [null]]]
16:10:21.936 [Test worker] DEBUG org.springframework.test.context.cache - Spring test ApplicationContext cache statistics: [DefaultContextCache@34a1d21f size = 1, maxSize = 32, parentContextCount = 0, hitCount = 1, missCount = 1]
16:10:21.937 [Test worker] DEBUG org.springframework.test.context.support.AbstractDirtiesContextTestExecutionListener - Before test method: context [DefaultTestContext@67545b57 testClass = XssFilterAopReigsterTest, testInstance = org.stage.xss.core.XssFilterAopReigsterTest@673be18f, testMethod = XSS_FILTERING_ONE_PARAMETER_TEST@XssFilterAopReigsterTest, testException = [null], mergedContextConfiguration = [MergedContextConfiguration@6c2c1385 testClass = XssFilterAopReigsterTest, locations = '{}', classes = '{class org.stage.xss.core.XssFilterAop, class org.stage.xss.core.spi.TestXssFilter}', contextInitializerClasses = '[]', activeProfiles = '{}', propertySourceLocations = '{}', propertySourceProperties = '{}', contextCustomizers = set[org.springframework.boot.test.autoconfigure.actuate.metrics.MetricsExportContextCustomizerFactory$DisableMetricExportContextCustomizer@1fb19a0, org.springframework.boot.test.autoconfigure.properties.PropertyMappingContextCustomizer@0, org.springframework.boot.test.autoconfigure.web.servlet.WebDriverContextCustomizerFactory$Customizer@479ceda0, org.springframework.boot.test.context.filter.ExcludeFilterContextCustomizer@38ba6ce3, org.springframework.boot.test.json.DuplicateJsonObjectContextCustomizerFactory$DuplicateJsonObjectContextCustomizer@7fbdb894, org.springframework.boot.test.mock.mockito.MockitoContextCustomizer@0], contextLoader = 'org.springframework.test.context.support.DelegatingSmartContextLoader', parent = [null]], attributes = map['org.springframework.test.context.event.ApplicationEventsTestExecutionListener.recordApplicationEvents' -> false]], class annotated with @DirtiesContext [false] with mode [null], method annotated with @DirtiesContext [false] with mode [null].
16:10:21.939 [Test worker] DEBUG org.springframework.test.context.cache.DefaultCacheAwareContextLoaderDelegate - Retrieved ApplicationContext [1868805237] from cache with key [[MergedContextConfiguration@6c2c1385 testClass = XssFilterAopReigsterTest, locations = '{}', classes = '{class org.stage.xss.core.XssFilterAop, class org.stage.xss.core.spi.TestXssFilter}', contextInitializerClasses = '[]', activeProfiles = '{}', propertySourceLocations = '{}', propertySourceProperties = '{}', contextCustomizers = set[org.springframework.boot.test.autoconfigure.actuate.metrics.MetricsExportContextCustomizerFactory$DisableMetricExportContextCustomizer@1fb19a0, org.springframework.boot.test.autoconfigure.properties.PropertyMappingContextCustomizer@0, org.springframework.boot.test.autoconfigure.web.servlet.WebDriverContextCustomizerFactory$Customizer@479ceda0, org.springframework.boot.test.context.filter.ExcludeFilterContextCustomizer@38ba6ce3, org.springframework.boot.test.json.DuplicateJsonObjectContextCustomizerFactory$DuplicateJsonObjectContextCustomizer@7fbdb894, org.springframework.boot.test.mock.mockito.MockitoContextCustomizer@0], contextLoader = 'org.springframework.test.context.support.DelegatingSmartContextLoader', parent = [null]]]
16:10:21.939 [Test worker] DEBUG org.springframework.test.context.cache - Spring test ApplicationContext cache statistics: [DefaultContextCache@34a1d21f size = 1, maxSize = 32, parentContextCount = 0, hitCount = 2, missCount = 1]
16:10:21.939 [Test worker] DEBUG org.springframework.test.context.cache.DefaultCacheAwareContextLoaderDelegate - Retrieved ApplicationContext [1868805237] from cache with key [[MergedContextConfiguration@6c2c1385 testClass = XssFilterAopReigsterTest, locations = '{}', classes = '{class org.stage.xss.core.XssFilterAop, class org.stage.xss.core.spi.TestXssFilter}', contextInitializerClasses = '[]', activeProfiles = '{}', propertySourceLocations = '{}', propertySourceProperties = '{}', contextCustomizers = set[org.springframework.boot.test.autoconfigure.actuate.metrics.MetricsExportContextCustomizerFactory$DisableMetricExportContextCustomizer@1fb19a0, org.springframework.boot.test.autoconfigure.properties.PropertyMappingContextCustomizer@0, org.springframework.boot.test.autoconfigure.web.servlet.WebDriverContextCustomizerFactory$Customizer@479ceda0, org.springframework.boot.test.context.filter.ExcludeFilterContextCustomizer@38ba6ce3, org.springframework.boot.test.json.DuplicateJsonObjectContextCustomizerFactory$DuplicateJsonObjectContextCustomizer@7fbdb894, org.springframework.boot.test.mock.mockito.MockitoContextCustomizer@0], contextLoader = 'org.springframework.test.context.support.DelegatingSmartContextLoader', parent = [null]]]
16:10:21.939 [Test worker] DEBUG org.springframework.test.context.cache - Spring test ApplicationContext cache statistics: [DefaultContextCache@34a1d21f size = 1, maxSize = 32, parentContextCount = 0, hitCount = 3, missCount = 1]
16:10:22.088 [Test worker] DEBUG org.springframework.test.context.cache.DefaultCacheAwareContextLoaderDelegate - Retrieved ApplicationContext [1868805237] from cache with key [[MergedContextConfiguration@6c2c1385 testClass = XssFilterAopReigsterTest, locations = '{}', classes = '{class org.stage.xss.core.XssFilterAop, class org.stage.xss.core.spi.TestXssFilter}', contextInitializerClasses = '[]', activeProfiles = '{}', propertySourceLocations = '{}', propertySourceProperties = '{}', contextCustomizers = set[org.springframework.boot.test.autoconfigure.actuate.metrics.MetricsExportContextCustomizerFactory$DisableMetricExportContextCustomizer@1fb19a0, org.springframework.boot.test.autoconfigure.properties.PropertyMappingContextCustomizer@0, org.springframework.boot.test.autoconfigure.web.servlet.WebDriverContextCustomizerFactory$Customizer@479ceda0, org.springframework.boot.test.context.filter.ExcludeFilterContextCustomizer@38ba6ce3, org.springframework.boot.test.json.DuplicateJsonObjectContextCustomizerFactory$DuplicateJsonObjectContextCustomizer@7fbdb894, org.springframework.boot.test.mock.mockito.MockitoContextCustomizer@0], contextLoader = 'org.springframework.test.context.support.DelegatingSmartContextLoader', parent = [null]]]
16:10:22.088 [Test worker] DEBUG org.springframework.test.context.cache - Spring test ApplicationContext cache statistics: [DefaultContextCache@34a1d21f size = 1, maxSize = 32, parentContextCount = 0, hitCount = 4, missCount = 1]
16:10:22.103 [Test worker] DEBUG org.springframework.aop.aspectj.annotation.ReflectiveAspectJAdvisorFactory - Found AspectJ method: public java.lang.Object org.stage.xss.core.XssFilterAop.doFiltering(org.aspectj.lang.ProceedingJoinPoint) throws java.lang.Throwable
16:10:22.170 [Test worker] DEBUG org.springframework.test.context.cache.DefaultCacheAwareContextLoaderDelegate - Retrieved ApplicationContext [1868805237] from cache with key [[MergedContextConfiguration@6c2c1385 testClass = XssFilterAopReigsterTest, locations = '{}', classes = '{class org.stage.xss.core.XssFilterAop, class org.stage.xss.core.spi.TestXssFilter}', contextInitializerClasses = '[]', activeProfiles = '{}', propertySourceLocations = '{}', propertySourceProperties = '{}', contextCustomizers = set[org.springframework.boot.test.autoconfigure.actuate.metrics.MetricsExportContextCustomizerFactory$DisableMetricExportContextCustomizer@1fb19a0, org.springframework.boot.test.autoconfigure.properties.PropertyMappingContextCustomizer@0, org.springframework.boot.test.autoconfigure.web.servlet.WebDriverContextCustomizerFactory$Customizer@479ceda0, org.springframework.boot.test.context.filter.ExcludeFilterContextCustomizer@38ba6ce3, org.springframework.boot.test.json.DuplicateJsonObjectContextCustomizerFactory$DuplicateJsonObjectContextCustomizer@7fbdb894, org.springframework.boot.test.mock.mockito.MockitoContextCustomizer@0], contextLoader = 'org.springframework.test.context.support.DelegatingSmartContextLoader', parent = [null]]]
16:10:22.170 [Test worker] DEBUG org.springframework.test.context.cache - Spring test ApplicationContext cache statistics: [DefaultContextCache@34a1d21f size = 1, maxSize = 32, parentContextCount = 0, hitCount = 5, missCount = 1]
16:10:22.170 [Test worker] DEBUG org.springframework.test.context.cache.DefaultCacheAwareContextLoaderDelegate - Retrieved ApplicationContext [1868805237] from cache with key [[MergedContextConfiguration@6c2c1385 testClass = XssFilterAopReigsterTest, locations = '{}', classes = '{class org.stage.xss.core.XssFilterAop, class org.stage.xss.core.spi.TestXssFilter}', contextInitializerClasses = '[]', activeProfiles = '{}', propertySourceLocations = '{}', propertySourceProperties = '{}', contextCustomizers = set[org.springframework.boot.test.autoconfigure.actuate.metrics.MetricsExportContextCustomizerFactory$DisableMetricExportContextCustomizer@1fb19a0, org.springframework.boot.test.autoconfigure.properties.PropertyMappingContextCustomizer@0, org.springframework.boot.test.autoconfigure.web.servlet.WebDriverContextCustomizerFactory$Customizer@479ceda0, org.springframework.boot.test.context.filter.ExcludeFilterContextCustomizer@38ba6ce3, org.springframework.boot.test.json.DuplicateJsonObjectContextCustomizerFactory$DuplicateJsonObjectContextCustomizer@7fbdb894, org.springframework.boot.test.mock.mockito.MockitoContextCustomizer@0], contextLoader = 'org.springframework.test.context.support.DelegatingSmartContextLoader', parent = [null]]]
16:10:22.170 [Test worker] DEBUG org.springframework.test.context.cache - Spring test ApplicationContext cache statistics: [DefaultContextCache@34a1d21f size = 1, maxSize = 32, parentContextCount = 0, hitCount = 6, missCount = 1]
16:10:22.171 [Test worker] DEBUG org.springframework.test.context.cache.DefaultCacheAwareContextLoaderDelegate - Retrieved ApplicationContext [1868805237] from cache with key [[MergedContextConfiguration@6c2c1385 testClass = XssFilterAopReigsterTest, locations = '{}', classes = '{class org.stage.xss.core.XssFilterAop, class org.stage.xss.core.spi.TestXssFilter}', contextInitializerClasses = '[]', activeProfiles = '{}', propertySourceLocations = '{}', propertySourceProperties = '{}', contextCustomizers = set[org.springframework.boot.test.autoconfigure.actuate.metrics.MetricsExportContextCustomizerFactory$DisableMetricExportContextCustomizer@1fb19a0, org.springframework.boot.test.autoconfigure.properties.PropertyMappingContextCustomizer@0, org.springframework.boot.test.autoconfigure.web.servlet.WebDriverContextCustomizerFactory$Customizer@479ceda0, org.springframework.boot.test.context.filter.ExcludeFilterContextCustomizer@38ba6ce3, org.springframework.boot.test.json.DuplicateJsonObjectContextCustomizerFactory$DuplicateJsonObjectContextCustomizer@7fbdb894, org.springframework.boot.test.mock.mockito.MockitoContextCustomizer@0], contextLoader = 'org.springframework.test.context.support.DelegatingSmartContextLoader', parent = [null]]]
16:10:22.171 [Test worker] DEBUG org.springframework.test.context.cache - Spring test ApplicationContext cache statistics: [DefaultContextCache@34a1d21f size = 1, maxSize = 32, parentContextCount = 0, hitCount = 7, missCount = 1]
16:10:22.171 [Test worker] DEBUG org.springframework.test.context.cache.DefaultCacheAwareContextLoaderDelegate - Retrieved ApplicationContext [1868805237] from cache with key [[MergedContextConfiguration@6c2c1385 testClass = XssFilterAopReigsterTest, locations = '{}', classes = '{class org.stage.xss.core.XssFilterAop, class org.stage.xss.core.spi.TestXssFilter}', contextInitializerClasses = '[]', activeProfiles = '{}', propertySourceLocations = '{}', propertySourceProperties = '{}', contextCustomizers = set[org.springframework.boot.test.autoconfigure.actuate.metrics.MetricsExportContextCustomizerFactory$DisableMetricExportContextCustomizer@1fb19a0, org.springframework.boot.test.autoconfigure.properties.PropertyMappingContextCustomizer@0, org.springframework.boot.test.autoconfigure.web.servlet.WebDriverContextCustomizerFactory$Customizer@479ceda0, org.springframework.boot.test.context.filter.ExcludeFilterContextCustomizer@38ba6ce3, org.springframework.boot.test.json.DuplicateJsonObjectContextCustomizerFactory$DuplicateJsonObjectContextCustomizer@7fbdb894, org.springframework.boot.test.mock.mockito.MockitoContextCustomizer@0], contextLoader = 'org.springframework.test.context.support.DelegatingSmartContextLoader', parent = [null]]]
16:10:22.171 [Test worker] DEBUG org.springframework.test.context.cache - Spring test ApplicationContext cache statistics: [DefaultContextCache@34a1d21f size = 1, maxSize = 32, parentContextCount = 0, hitCount = 8, missCount = 1]
16:10:22.171 [Test worker] DEBUG org.springframework.test.context.cache.DefaultCacheAwareContextLoaderDelegate - Retrieved ApplicationContext [1868805237] from cache with key [[MergedContextConfiguration@6c2c1385 testClass = XssFilterAopReigsterTest, locations = '{}', classes = '{class org.stage.xss.core.XssFilterAop, class org.stage.xss.core.spi.TestXssFilter}', contextInitializerClasses = '[]', activeProfiles = '{}', propertySourceLocations = '{}', propertySourceProperties = '{}', contextCustomizers = set[org.springframework.boot.test.autoconfigure.actuate.metrics.MetricsExportContextCustomizerFactory$DisableMetricExportContextCustomizer@1fb19a0, org.springframework.boot.test.autoconfigure.properties.PropertyMappingContextCustomizer@0, org.springframework.boot.test.autoconfigure.web.servlet.WebDriverContextCustomizerFactory$Customizer@479ceda0, org.springframework.boot.test.context.filter.ExcludeFilterContextCustomizer@38ba6ce3, org.springframework.boot.test.json.DuplicateJsonObjectContextCustomizerFactory$DuplicateJsonObjectContextCustomizer@7fbdb894, org.springframework.boot.test.mock.mockito.MockitoContextCustomizer@0], contextLoader = 'org.springframework.test.context.support.DelegatingSmartContextLoader', parent = [null]]]
16:10:22.171 [Test worker] DEBUG org.springframework.test.context.cache - Spring test ApplicationContext cache statistics: [DefaultContextCache@34a1d21f size = 1, maxSize = 32, parentContextCount = 0, hitCount = 9, missCount = 1]
16:10:22.172 [Test worker] DEBUG org.springframework.test.context.cache.DefaultCacheAwareContextLoaderDelegate - Retrieved ApplicationContext [1868805237] from cache with key [[MergedContextConfiguration@6c2c1385 testClass = XssFilterAopReigsterTest, locations = '{}', classes = '{class org.stage.xss.core.XssFilterAop, class org.stage.xss.core.spi.TestXssFilter}', contextInitializerClasses = '[]', activeProfiles = '{}', propertySourceLocations = '{}', propertySourceProperties = '{}', contextCustomizers = set[org.springframework.boot.test.autoconfigure.actuate.metrics.MetricsExportContextCustomizerFactory$DisableMetricExportContextCustomizer@1fb19a0, org.springframework.boot.test.autoconfigure.properties.PropertyMappingContextCustomizer@0, org.springframework.boot.test.autoconfigure.web.servlet.WebDriverContextCustomizerFactory$Customizer@479ceda0, org.springframework.boot.test.context.filter.ExcludeFilterContextCustomizer@38ba6ce3, org.springframework.boot.test.json.DuplicateJsonObjectContextCustomizerFactory$DuplicateJsonObjectContextCustomizer@7fbdb894, org.springframework.boot.test.mock.mockito.MockitoContextCustomizer@0], contextLoader = 'org.springframework.test.context.support.DelegatingSmartContextLoader', parent = [null]]]
16:10:22.172 [Test worker] DEBUG org.springframework.test.context.cache - Spring test ApplicationContext cache statistics: [DefaultContextCache@34a1d21f size = 1, maxSize = 32, parentContextCount = 0, hitCount = 10, missCount = 1]
16:10:22.173 [Test worker] DEBUG org.springframework.test.context.support.AbstractDirtiesContextTestExecutionListener - After test method: context [DefaultTestContext@67545b57 testClass = XssFilterAopReigsterTest, testInstance = org.stage.xss.core.XssFilterAopReigsterTest@673be18f, testMethod = XSS_FILTERING_ONE_PARAMETER_TEST@XssFilterAopReigsterTest, testException = [null], mergedContextConfiguration = [MergedContextConfiguration@6c2c1385 testClass = XssFilterAopReigsterTest, locations = '{}', classes = '{class org.stage.xss.core.XssFilterAop, class org.stage.xss.core.spi.TestXssFilter}', contextInitializerClasses = '[]', activeProfiles = '{}', propertySourceLocations = '{}', propertySourceProperties = '{}', contextCustomizers = set[org.springframework.boot.test.autoconfigure.actuate.metrics.MetricsExportContextCustomizerFactory$DisableMetricExportContextCustomizer@1fb19a0, org.springframework.boot.test.autoconfigure.properties.PropertyMappingContextCustomizer@0, org.springframework.boot.test.autoconfigure.web.servlet.WebDriverContextCustomizerFactory$Customizer@479ceda0, org.springframework.boot.test.context.filter.ExcludeFilterContextCustomizer@38ba6ce3, org.springframework.boot.test.json.DuplicateJsonObjectContextCustomizerFactory$DuplicateJsonObjectContextCustomizer@7fbdb894, org.springframework.boot.test.mock.mockito.MockitoContextCustomizer@0], contextLoader = 'org.springframework.test.context.support.DelegatingSmartContextLoader', parent = [null]], attributes = map['org.springframework.test.context.event.ApplicationEventsTestExecutionListener.recordApplicationEvents' -> false]], class annotated with @DirtiesContext [false] with mode [null], method annotated with @DirtiesContext [false] with mode [null].
16:10:22.175 [Test worker] DEBUG org.springframework.test.context.support.DependencyInjectionTestExecutionListener - Performing dependency injection for test context [[DefaultTestContext@67545b57 testClass = XssFilterAopReigsterTest, testInstance = org.stage.xss.core.XssFilterAopReigsterTest@2af46afd, testMethod = [null], testException = [null], mergedContextConfiguration = [MergedContextConfiguration@6c2c1385 testClass = XssFilterAopReigsterTest, locations = '{}', classes = '{class org.stage.xss.core.XssFilterAop, class org.stage.xss.core.spi.TestXssFilter}', contextInitializerClasses = '[]', activeProfiles = '{}', propertySourceLocations = '{}', propertySourceProperties = '{}', contextCustomizers = set[org.springframework.boot.test.autoconfigure.actuate.metrics.MetricsExportContextCustomizerFactory$DisableMetricExportContextCustomizer@1fb19a0, org.springframework.boot.test.autoconfigure.properties.PropertyMappingContextCustomizer@0, org.springframework.boot.test.autoconfigure.web.servlet.WebDriverContextCustomizerFactory$Customizer@479ceda0, org.springframework.boot.test.context.filter.ExcludeFilterContextCustomizer@38ba6ce3, org.springframework.boot.test.json.DuplicateJsonObjectContextCustomizerFactory$DuplicateJsonObjectContextCustomizer@7fbdb894, org.springframework.boot.test.mock.mockito.MockitoContextCustomizer@0], contextLoader = 'org.springframework.test.context.support.DelegatingSmartContextLoader', parent = [null]], attributes = map['org.springframework.test.context.event.ApplicationEventsTestExecutionListener.recordApplicationEvents' -> false]]].
16:10:22.175 [Test worker] DEBUG org.springframework.test.context.cache.DefaultCacheAwareContextLoaderDelegate - Retrieved ApplicationContext [1868805237] from cache with key [[MergedContextConfiguration@6c2c1385 testClass = XssFilterAopReigsterTest, locations = '{}', classes = '{class org.stage.xss.core.XssFilterAop, class org.stage.xss.core.spi.TestXssFilter}', contextInitializerClasses = '[]', activeProfiles = '{}', propertySourceLocations = '{}', propertySourceProperties = '{}', contextCustomizers = set[org.springframework.boot.test.autoconfigure.actuate.metrics.MetricsExportContextCustomizerFactory$DisableMetricExportContextCustomizer@1fb19a0, org.springframework.boot.test.autoconfigure.properties.PropertyMappingContextCustomizer@0, org.springframework.boot.test.autoconfigure.web.servlet.WebDriverContextCustomizerFactory$Customizer@479ceda0, org.springframework.boot.test.context.filter.ExcludeFilterContextCustomizer@38ba6ce3, org.springframework.boot.test.json.DuplicateJsonObjectContextCustomizerFactory$DuplicateJsonObjectContextCustomizer@7fbdb894, org.springframework.boot.test.mock.mockito.MockitoContextCustomizer@0], contextLoader = 'org.springframework.test.context.support.DelegatingSmartContextLoader', parent = [null]]]
16:10:22.175 [Test worker] DEBUG org.springframework.test.context.cache - Spring test ApplicationContext cache statistics: [DefaultContextCache@34a1d21f size = 1, maxSize = 32, parentContextCount = 0, hitCount = 11, missCount = 1]
16:10:22.175 [Test worker] DEBUG org.springframework.test.context.cache.DefaultCacheAwareContextLoaderDelegate - Retrieved ApplicationContext [1868805237] from cache with key [[MergedContextConfiguration@6c2c1385 testClass = XssFilterAopReigsterTest, locations = '{}', classes = '{class org.stage.xss.core.XssFilterAop, class org.stage.xss.core.spi.TestXssFilter}', contextInitializerClasses = '[]', activeProfiles = '{}', propertySourceLocations = '{}', propertySourceProperties = '{}', contextCustomizers = set[org.springframework.boot.test.autoconfigure.actuate.metrics.MetricsExportContextCustomizerFactory$DisableMetricExportContextCustomizer@1fb19a0, org.springframework.boot.test.autoconfigure.properties.PropertyMappingContextCustomizer@0, org.springframework.boot.test.autoconfigure.web.servlet.WebDriverContextCustomizerFactory$Customizer@479ceda0, org.springframework.boot.test.context.filter.ExcludeFilterContextCustomizer@38ba6ce3, org.springframework.boot.test.json.DuplicateJsonObjectContextCustomizerFactory$DuplicateJsonObjectContextCustomizer@7fbdb894, org.springframework.boot.test.mock.mockito.MockitoContextCustomizer@0], contextLoader = 'org.springframework.test.context.support.DelegatingSmartContextLoader', parent = [null]]]
16:10:22.175 [Test worker] DEBUG org.springframework.test.context.cache - Spring test ApplicationContext cache statistics: [DefaultContextCache@34a1d21f size = 1, maxSize = 32, parentContextCount = 0, hitCount = 12, missCount = 1]
16:10:22.176 [Test worker] DEBUG org.springframework.test.context.support.AbstractDirtiesContextTestExecutionListener - Before test method: context [DefaultTestContext@67545b57 testClass = XssFilterAopReigsterTest, testInstance = org.stage.xss.core.XssFilterAopReigsterTest@2af46afd, testMethod = XSS_FILTERING_ONE_OF_TWO_PARAMETER_TEST@XssFilterAopReigsterTest, testException = [null], mergedContextConfiguration = [MergedContextConfiguration@6c2c1385 testClass = XssFilterAopReigsterTest, locations = '{}', classes = '{class org.stage.xss.core.XssFilterAop, class org.stage.xss.core.spi.TestXssFilter}', contextInitializerClasses = '[]', activeProfiles = '{}', propertySourceLocations = '{}', propertySourceProperties = '{}', contextCustomizers = set[org.springframework.boot.test.autoconfigure.actuate.metrics.MetricsExportContextCustomizerFactory$DisableMetricExportContextCustomizer@1fb19a0, org.springframework.boot.test.autoconfigure.properties.PropertyMappingContextCustomizer@0, org.springframework.boot.test.autoconfigure.web.servlet.WebDriverContextCustomizerFactory$Customizer@479ceda0, org.springframework.boot.test.context.filter.ExcludeFilterContextCustomizer@38ba6ce3, org.springframework.boot.test.json.DuplicateJsonObjectContextCustomizerFactory$DuplicateJsonObjectContextCustomizer@7fbdb894, org.springframework.boot.test.mock.mockito.MockitoContextCustomizer@0], contextLoader = 'org.springframework.test.context.support.DelegatingSmartContextLoader', parent = [null]], attributes = map['org.springframework.test.context.event.ApplicationEventsTestExecutionListener.recordApplicationEvents' -> false]], class annotated with @DirtiesContext [false] with mode [null], method annotated with @DirtiesContext [false] with mode [null].
16:10:22.176 [Test worker] DEBUG org.springframework.test.context.cache.DefaultCacheAwareContextLoaderDelegate - Retrieved ApplicationContext [1868805237] from cache with key [[MergedContextConfiguration@6c2c1385 testClass = XssFilterAopReigsterTest, locations = '{}', classes = '{class org.stage.xss.core.XssFilterAop, class org.stage.xss.core.spi.TestXssFilter}', contextInitializerClasses = '[]', activeProfiles = '{}', propertySourceLocations = '{}', propertySourceProperties = '{}', contextCustomizers = set[org.springframework.boot.test.autoconfigure.actuate.metrics.MetricsExportContextCustomizerFactory$DisableMetricExportContextCustomizer@1fb19a0, org.springframework.boot.test.autoconfigure.properties.PropertyMappingContextCustomizer@0, org.springframework.boot.test.autoconfigure.web.servlet.WebDriverContextCustomizerFactory$Customizer@479ceda0, org.springframework.boot.test.context.filter.ExcludeFilterContextCustomizer@38ba6ce3, org.springframework.boot.test.json.DuplicateJsonObjectContextCustomizerFactory$DuplicateJsonObjectContextCustomizer@7fbdb894, org.springframework.boot.test.mock.mockito.MockitoContextCustomizer@0], contextLoader = 'org.springframework.test.context.support.DelegatingSmartContextLoader', parent = [null]]]
16:10:22.176 [Test worker] DEBUG org.springframework.test.context.cache - Spring test ApplicationContext cache statistics: [DefaultContextCache@34a1d21f size = 1, maxSize = 32, parentContextCount = 0, hitCount = 13, missCount = 1]
16:10:22.176 [Test worker] DEBUG org.springframework.test.context.cache.DefaultCacheAwareContextLoaderDelegate - Retrieved ApplicationContext [1868805237] from cache with key [[MergedContextConfiguration@6c2c1385 testClass = XssFilterAopReigsterTest, locations = '{}', classes = '{class org.stage.xss.core.XssFilterAop, class org.stage.xss.core.spi.TestXssFilter}', contextInitializerClasses = '[]', activeProfiles = '{}', propertySourceLocations = '{}', propertySourceProperties = '{}', contextCustomizers = set[org.springframework.boot.test.autoconfigure.actuate.metrics.MetricsExportContextCustomizerFactory$DisableMetricExportContextCustomizer@1fb19a0, org.springframework.boot.test.autoconfigure.properties.PropertyMappingContextCustomizer@0, org.springframework.boot.test.autoconfigure.web.servlet.WebDriverContextCustomizerFactory$Customizer@479ceda0, org.springframework.boot.test.context.filter.ExcludeFilterContextCustomizer@38ba6ce3, org.springframework.boot.test.json.DuplicateJsonObjectContextCustomizerFactory$DuplicateJsonObjectContextCustomizer@7fbdb894, org.springframework.boot.test.mock.mockito.MockitoContextCustomizer@0], contextLoader = 'org.springframework.test.context.support.DelegatingSmartContextLoader', parent = [null]]]
16:10:22.176 [Test worker] DEBUG org.springframework.test.context.cache - Spring test ApplicationContext cache statistics: [DefaultContextCache@34a1d21f size = 1, maxSize = 32, parentContextCount = 0, hitCount = 14, missCount = 1]
16:10:22.176 [Test worker] DEBUG org.springframework.test.context.cache.DefaultCacheAwareContextLoaderDelegate - Retrieved ApplicationContext [1868805237] from cache with key [[MergedContextConfiguration@6c2c1385 testClass = XssFilterAopReigsterTest, locations = '{}', classes = '{class org.stage.xss.core.XssFilterAop, class org.stage.xss.core.spi.TestXssFilter}', contextInitializerClasses = '[]', activeProfiles = '{}', propertySourceLocations = '{}', propertySourceProperties = '{}', contextCustomizers = set[org.springframework.boot.test.autoconfigure.actuate.metrics.MetricsExportContextCustomizerFactory$DisableMetricExportContextCustomizer@1fb19a0, org.springframework.boot.test.autoconfigure.properties.PropertyMappingContextCustomizer@0, org.springframework.boot.test.autoconfigure.web.servlet.WebDriverContextCustomizerFactory$Customizer@479ceda0, org.springframework.boot.test.context.filter.ExcludeFilterContextCustomizer@38ba6ce3, org.springframework.boot.test.json.DuplicateJsonObjectContextCustomizerFactory$DuplicateJsonObjectContextCustomizer@7fbdb894, org.springframework.boot.test.mock.mockito.MockitoContextCustomizer@0], contextLoader = 'org.springframework.test.context.support.DelegatingSmartContextLoader', parent = [null]]]
16:10:22.177 [Test worker] DEBUG org.springframework.test.context.cache - Spring test ApplicationContext cache statistics: [DefaultContextCache@34a1d21f size = 1, maxSize = 32, parentContextCount = 0, hitCount = 15, missCount = 1]
16:10:22.178 [Test worker] DEBUG org.springframework.aop.aspectj.annotation.ReflectiveAspectJAdvisorFactory - Found AspectJ method: public java.lang.Object org.stage.xss.core.XssFilterAop.doFiltering(org.aspectj.lang.ProceedingJoinPoint) throws java.lang.Throwable
16:10:22.178 [Test worker] DEBUG org.springframework.test.context.cache.DefaultCacheAwareContextLoaderDelegate - Retrieved ApplicationContext [1868805237] from cache with key [[MergedContextConfiguration@6c2c1385 testClass = XssFilterAopReigsterTest, locations = '{}', classes = '{class org.stage.xss.core.XssFilterAop, class org.stage.xss.core.spi.TestXssFilter}', contextInitializerClasses = '[]', activeProfiles = '{}', propertySourceLocations = '{}', propertySourceProperties = '{}', contextCustomizers = set[org.springframework.boot.test.autoconfigure.actuate.metrics.MetricsExportContextCustomizerFactory$DisableMetricExportContextCustomizer@1fb19a0, org.springframework.boot.test.autoconfigure.properties.PropertyMappingContextCustomizer@0, org.springframework.boot.test.autoconfigure.web.servlet.WebDriverContextCustomizerFactory$Customizer@479ceda0, org.springframework.boot.test.context.filter.ExcludeFilterContextCustomizer@38ba6ce3, org.springframework.boot.test.json.DuplicateJsonObjectContextCustomizerFactory$DuplicateJsonObjectContextCustomizer@7fbdb894, org.springframework.boot.test.mock.mockito.MockitoContextCustomizer@0], contextLoader = 'org.springframework.test.context.support.DelegatingSmartContextLoader', parent = [null]]]
16:10:22.179 [Test worker] DEBUG org.springframework.test.context.cache - Spring test ApplicationContext cache statistics: [DefaultContextCache@34a1d21f size = 1, maxSize = 32, parentContextCount = 0, hitCount = 16, missCount = 1]
16:10:22.179 [Test worker] DEBUG org.springframework.test.context.cache.DefaultCacheAwareContextLoaderDelegate - Retrieved ApplicationContext [1868805237] from cache with key [[MergedContextConfiguration@6c2c1385 testClass = XssFilterAopReigsterTest, locations = '{}', classes = '{class org.stage.xss.core.XssFilterAop, class org.stage.xss.core.spi.TestXssFilter}', contextInitializerClasses = '[]', activeProfiles = '{}', propertySourceLocations = '{}', propertySourceProperties = '{}', contextCustomizers = set[org.springframework.boot.test.autoconfigure.actuate.metrics.MetricsExportContextCustomizerFactory$DisableMetricExportContextCustomizer@1fb19a0, org.springframework.boot.test.autoconfigure.properties.PropertyMappingContextCustomizer@0, org.springframework.boot.test.autoconfigure.web.servlet.WebDriverContextCustomizerFactory$Customizer@479ceda0, org.springframework.boot.test.context.filter.ExcludeFilterContextCustomizer@38ba6ce3, org.springframework.boot.test.json.DuplicateJsonObjectContextCustomizerFactory$DuplicateJsonObjectContextCustomizer@7fbdb894, org.springframework.boot.test.mock.mockito.MockitoContextCustomizer@0], contextLoader = 'org.springframework.test.context.support.DelegatingSmartContextLoader', parent = [null]]]
16:10:22.179 [Test worker] DEBUG org.springframework.test.context.cache - Spring test ApplicationContext cache statistics: [DefaultContextCache@34a1d21f size = 1, maxSize = 32, parentContextCount = 0, hitCount = 17, missCount = 1]
16:10:22.179 [Test worker] DEBUG org.springframework.test.context.cache.DefaultCacheAwareContextLoaderDelegate - Retrieved ApplicationContext [1868805237] from cache with key [[MergedContextConfiguration@6c2c1385 testClass = XssFilterAopReigsterTest, locations = '{}', classes = '{class org.stage.xss.core.XssFilterAop, class org.stage.xss.core.spi.TestXssFilter}', contextInitializerClasses = '[]', activeProfiles = '{}', propertySourceLocations = '{}', propertySourceProperties = '{}', contextCustomizers = set[org.springframework.boot.test.autoconfigure.actuate.metrics.MetricsExportContextCustomizerFactory$DisableMetricExportContextCustomizer@1fb19a0, org.springframework.boot.test.autoconfigure.properties.PropertyMappingContextCustomizer@0, org.springframework.boot.test.autoconfigure.web.servlet.WebDriverContextCustomizerFactory$Customizer@479ceda0, org.springframework.boot.test.context.filter.ExcludeFilterContextCustomizer@38ba6ce3, org.springframework.boot.test.json.DuplicateJsonObjectContextCustomizerFactory$DuplicateJsonObjectContextCustomizer@7fbdb894, org.springframework.boot.test.mock.mockito.MockitoContextCustomizer@0], contextLoader = 'org.springframework.test.context.support.DelegatingSmartContextLoader', parent = [null]]]
16:10:22.179 [Test worker] DEBUG org.springframework.test.context.cache - Spring test ApplicationContext cache statistics: [DefaultContextCache@34a1d21f size = 1, maxSize = 32, parentContextCount = 0, hitCount = 18, missCount = 1]
16:10:22.179 [Test worker] DEBUG org.springframework.test.context.cache.DefaultCacheAwareContextLoaderDelegate - Retrieved ApplicationContext [1868805237] from cache with key [[MergedContextConfiguration@6c2c1385 testClass = XssFilterAopReigsterTest, locations = '{}', classes = '{class org.stage.xss.core.XssFilterAop, class org.stage.xss.core.spi.TestXssFilter}', contextInitializerClasses = '[]', activeProfiles = '{}', propertySourceLocations = '{}', propertySourceProperties = '{}', contextCustomizers = set[org.springframework.boot.test.autoconfigure.actuate.metrics.MetricsExportContextCustomizerFactory$DisableMetricExportContextCustomizer@1fb19a0, org.springframework.boot.test.autoconfigure.properties.PropertyMappingContextCustomizer@0, org.springframework.boot.test.autoconfigure.web.servlet.WebDriverContextCustomizerFactory$Customizer@479ceda0, org.springframework.boot.test.context.filter.ExcludeFilterContextCustomizer@38ba6ce3, org.springframework.boot.test.json.DuplicateJsonObjectContextCustomizerFactory$DuplicateJsonObjectContextCustomizer@7fbdb894, org.springframework.boot.test.mock.mockito.MockitoContextCustomizer@0], contextLoader = 'org.springframework.test.context.support.DelegatingSmartContextLoader', parent = [null]]]
16:10:22.179 [Test worker] DEBUG org.springframework.test.context.cache - Spring test ApplicationContext cache statistics: [DefaultContextCache@34a1d21f size = 1, maxSize = 32, parentContextCount = 0, hitCount = 19, missCount = 1]
16:10:22.179 [Test worker] DEBUG org.springframework.test.context.cache.DefaultCacheAwareContextLoaderDelegate - Retrieved ApplicationContext [1868805237] from cache with key [[MergedContextConfiguration@6c2c1385 testClass = XssFilterAopReigsterTest, locations = '{}', classes = '{class org.stage.xss.core.XssFilterAop, class org.stage.xss.core.spi.TestXssFilter}', contextInitializerClasses = '[]', activeProfiles = '{}', propertySourceLocations = '{}', propertySourceProperties = '{}', contextCustomizers = set[org.springframework.boot.test.autoconfigure.actuate.metrics.MetricsExportContextCustomizerFactory$DisableMetricExportContextCustomizer@1fb19a0, org.springframework.boot.test.autoconfigure.properties.PropertyMappingContextCustomizer@0, org.springframework.boot.test.autoconfigure.web.servlet.WebDriverContextCustomizerFactory$Customizer@479ceda0, org.springframework.boot.test.context.filter.ExcludeFilterContextCustomizer@38ba6ce3, org.springframework.boot.test.json.DuplicateJsonObjectContextCustomizerFactory$DuplicateJsonObjectContextCustomizer@7fbdb894, org.springframework.boot.test.mock.mockito.MockitoContextCustomizer@0], contextLoader = 'org.springframework.test.context.support.DelegatingSmartContextLoader', parent = [null]]]
16:10:22.179 [Test worker] DEBUG org.springframework.test.context.cache - Spring test ApplicationContext cache statistics: [DefaultContextCache@34a1d21f size = 1, maxSize = 32, parentContextCount = 0, hitCount = 20, missCount = 1]
16:10:22.179 [Test worker] DEBUG org.springframework.test.context.cache.DefaultCacheAwareContextLoaderDelegate - Retrieved ApplicationContext [1868805237] from cache with key [[MergedContextConfiguration@6c2c1385 testClass = XssFilterAopReigsterTest, locations = '{}', classes = '{class org.stage.xss.core.XssFilterAop, class org.stage.xss.core.spi.TestXssFilter}', contextInitializerClasses = '[]', activeProfiles = '{}', propertySourceLocations = '{}', propertySourceProperties = '{}', contextCustomizers = set[org.springframework.boot.test.autoconfigure.actuate.metrics.MetricsExportContextCustomizerFactory$DisableMetricExportContextCustomizer@1fb19a0, org.springframework.boot.test.autoconfigure.properties.PropertyMappingContextCustomizer@0, org.springframework.boot.test.autoconfigure.web.servlet.WebDriverContextCustomizerFactory$Customizer@479ceda0, org.springframework.boot.test.context.filter.ExcludeFilterContextCustomizer@38ba6ce3, org.springframework.boot.test.json.DuplicateJsonObjectContextCustomizerFactory$DuplicateJsonObjectContextCustomizer@7fbdb894, org.springframework.boot.test.mock.mockito.MockitoContextCustomizer@0], contextLoader = 'org.springframework.test.context.support.DelegatingSmartContextLoader', parent = [null]]]
16:10:22.179 [Test worker] DEBUG org.springframework.test.context.cache - Spring test ApplicationContext cache statistics: [DefaultContextCache@34a1d21f size = 1, maxSize = 32, parentContextCount = 0, hitCount = 21, missCount = 1]
16:10:22.180 [Test worker] DEBUG org.springframework.test.context.support.AbstractDirtiesContextTestExecutionListener - After test method: context [DefaultTestContext@67545b57 testClass = XssFilterAopReigsterTest, testInstance = org.stage.xss.core.XssFilterAopReigsterTest@2af46afd, testMethod = XSS_FILTERING_ONE_OF_TWO_PARAMETER_TEST@XssFilterAopReigsterTest, testException = [null], mergedContextConfiguration = [MergedContextConfiguration@6c2c1385 testClass = XssFilterAopReigsterTest, locations = '{}', classes = '{class org.stage.xss.core.XssFilterAop, class org.stage.xss.core.spi.TestXssFilter}', contextInitializerClasses = '[]', activeProfiles = '{}', propertySourceLocations = '{}', propertySourceProperties = '{}', contextCustomizers = set[org.springframework.boot.test.autoconfigure.actuate.metrics.MetricsExportContextCustomizerFactory$DisableMetricExportContextCustomizer@1fb19a0, org.springframework.boot.test.autoconfigure.properties.PropertyMappingContextCustomizer@0, org.springframework.boot.test.autoconfigure.web.servlet.WebDriverContextCustomizerFactory$Customizer@479ceda0, org.springframework.boot.test.context.filter.ExcludeFilterContextCustomizer@38ba6ce3, org.springframework.boot.test.json.DuplicateJsonObjectContextCustomizerFactory$DuplicateJsonObjectContextCustomizer@7fbdb894, org.springframework.boot.test.mock.mockito.MockitoContextCustomizer@0], contextLoader = 'org.springframework.test.context.support.DelegatingSmartContextLoader', parent = [null]], attributes = map['org.springframework.test.context.event.ApplicationEventsTestExecutionListener.recordApplicationEvents' -> false]], class annotated with @DirtiesContext [false] with mode [null], method annotated with @DirtiesContext [false] with mode [null].
16:10:22.180 [Test worker] DEBUG org.springframework.test.context.support.DependencyInjectionTestExecutionListener - Performing dependency injection for test context [[DefaultTestContext@67545b57 testClass = XssFilterAopReigsterTest, testInstance = org.stage.xss.core.XssFilterAopReigsterTest@31ceba99, testMethod = [null], testException = [null], mergedContextConfiguration = [MergedContextConfiguration@6c2c1385 testClass = XssFilterAopReigsterTest, locations = '{}', classes = '{class org.stage.xss.core.XssFilterAop, class org.stage.xss.core.spi.TestXssFilter}', contextInitializerClasses = '[]', activeProfiles = '{}', propertySourceLocations = '{}', propertySourceProperties = '{}', contextCustomizers = set[org.springframework.boot.test.autoconfigure.actuate.metrics.MetricsExportContextCustomizerFactory$DisableMetricExportContextCustomizer@1fb19a0, org.springframework.boot.test.autoconfigure.properties.PropertyMappingContextCustomizer@0, org.springframework.boot.test.autoconfigure.web.servlet.WebDriverContextCustomizerFactory$Customizer@479ceda0, org.springframework.boot.test.context.filter.ExcludeFilterContextCustomizer@38ba6ce3, org.springframework.boot.test.json.DuplicateJsonObjectContextCustomizerFactory$DuplicateJsonObjectContextCustomizer@7fbdb894, org.springframework.boot.test.mock.mockito.MockitoContextCustomizer@0], contextLoader = 'org.springframework.test.context.support.DelegatingSmartContextLoader', parent = [null]], attributes = map['org.springframework.test.context.event.ApplicationEventsTestExecutionListener.recordApplicationEvents' -> false]]].
16:10:22.180 [Test worker] DEBUG org.springframework.test.context.cache.DefaultCacheAwareContextLoaderDelegate - Retrieved ApplicationContext [1868805237] from cache with key [[MergedContextConfiguration@6c2c1385 testClass = XssFilterAopReigsterTest, locations = '{}', classes = '{class org.stage.xss.core.XssFilterAop, class org.stage.xss.core.spi.TestXssFilter}', contextInitializerClasses = '[]', activeProfiles = '{}', propertySourceLocations = '{}', propertySourceProperties = '{}', contextCustomizers = set[org.springframework.boot.test.autoconfigure.actuate.metrics.MetricsExportContextCustomizerFactory$DisableMetricExportContextCustomizer@1fb19a0, org.springframework.boot.test.autoconfigure.properties.PropertyMappingContextCustomizer@0, org.springframework.boot.test.autoconfigure.web.servlet.WebDriverContextCustomizerFactory$Customizer@479ceda0, org.springframework.boot.test.context.filter.ExcludeFilterContextCustomizer@38ba6ce3, org.springframework.boot.test.json.DuplicateJsonObjectContextCustomizerFactory$DuplicateJsonObjectContextCustomizer@7fbdb894, org.springframework.boot.test.mock.mockito.MockitoContextCustomizer@0], contextLoader = 'org.springframework.test.context.support.DelegatingSmartContextLoader', parent = [null]]]
16:10:22.180 [Test worker] DEBUG org.springframework.test.context.cache - Spring test ApplicationContext cache statistics: [DefaultContextCache@34a1d21f size = 1, maxSize = 32, parentContextCount = 0, hitCount = 22, missCount = 1]
16:10:22.180 [Test worker] DEBUG org.springframework.test.context.cache.DefaultCacheAwareContextLoaderDelegate - Retrieved ApplicationContext [1868805237] from cache with key [[MergedContextConfiguration@6c2c1385 testClass = XssFilterAopReigsterTest, locations = '{}', classes = '{class org.stage.xss.core.XssFilterAop, class org.stage.xss.core.spi.TestXssFilter}', contextInitializerClasses = '[]', activeProfiles = '{}', propertySourceLocations = '{}', propertySourceProperties = '{}', contextCustomizers = set[org.springframework.boot.test.autoconfigure.actuate.metrics.MetricsExportContextCustomizerFactory$DisableMetricExportContextCustomizer@1fb19a0, org.springframework.boot.test.autoconfigure.properties.PropertyMappingContextCustomizer@0, org.springframework.boot.test.autoconfigure.web.servlet.WebDriverContextCustomizerFactory$Customizer@479ceda0, org.springframework.boot.test.context.filter.ExcludeFilterContextCustomizer@38ba6ce3, org.springframework.boot.test.json.DuplicateJsonObjectContextCustomizerFactory$DuplicateJsonObjectContextCustomizer@7fbdb894, org.springframework.boot.test.mock.mockito.MockitoContextCustomizer@0], contextLoader = 'org.springframework.test.context.support.DelegatingSmartContextLoader', parent = [null]]]
16:10:22.180 [Test worker] DEBUG org.springframework.test.context.cache - Spring test ApplicationContext cache statistics: [DefaultContextCache@34a1d21f size = 1, maxSize = 32, parentContextCount = 0, hitCount = 23, missCount = 1]
16:10:22.181 [Test worker] DEBUG org.springframework.test.context.support.AbstractDirtiesContextTestExecutionListener - Before test method: context [DefaultTestContext@67545b57 testClass = XssFilterAopReigsterTest, testInstance = org.stage.xss.core.XssFilterAopReigsterTest@31ceba99, testMethod = XSS_FILTERING_WRONG_XSS_VALUE_NAME_FAIL_TEST@XssFilterAopReigsterTest, testException = [null], mergedContextConfiguration = [MergedContextConfiguration@6c2c1385 testClass = XssFilterAopReigsterTest, locations = '{}', classes = '{class org.stage.xss.core.XssFilterAop, class org.stage.xss.core.spi.TestXssFilter}', contextInitializerClasses = '[]', activeProfiles = '{}', propertySourceLocations = '{}', propertySourceProperties = '{}', contextCustomizers = set[org.springframework.boot.test.autoconfigure.actuate.metrics.MetricsExportContextCustomizerFactory$DisableMetricExportContextCustomizer@1fb19a0, org.springframework.boot.test.autoconfigure.properties.PropertyMappingContextCustomizer@0, org.springframework.boot.test.autoconfigure.web.servlet.WebDriverContextCustomizerFactory$Customizer@479ceda0, org.springframework.boot.test.context.filter.ExcludeFilterContextCustomizer@38ba6ce3, org.springframework.boot.test.json.DuplicateJsonObjectContextCustomizerFactory$DuplicateJsonObjectContextCustomizer@7fbdb894, org.springframework.boot.test.mock.mockito.MockitoContextCustomizer@0], contextLoader = 'org.springframework.test.context.support.DelegatingSmartContextLoader', parent = [null]], attributes = map['org.springframework.test.context.event.ApplicationEventsTestExecutionListener.recordApplicationEvents' -> false]], class annotated with @DirtiesContext [false] with mode [null], method annotated with @DirtiesContext [false] with mode [null].
16:10:22.181 [Test worker] DEBUG org.springframework.test.context.cache.DefaultCacheAwareContextLoaderDelegate - Retrieved ApplicationContext [1868805237] from cache with key [[MergedContextConfiguration@6c2c1385 testClass = XssFilterAopReigsterTest, locations = '{}', classes = '{class org.stage.xss.core.XssFilterAop, class org.stage.xss.core.spi.TestXssFilter}', contextInitializerClasses = '[]', activeProfiles = '{}', propertySourceLocations = '{}', propertySourceProperties = '{}', contextCustomizers = set[org.springframework.boot.test.autoconfigure.actuate.metrics.MetricsExportContextCustomizerFactory$DisableMetricExportContextCustomizer@1fb19a0, org.springframework.boot.test.autoconfigure.properties.PropertyMappingContextCustomizer@0, org.springframework.boot.test.autoconfigure.web.servlet.WebDriverContextCustomizerFactory$Customizer@479ceda0, org.springframework.boot.test.context.filter.ExcludeFilterContextCustomizer@38ba6ce3, org.springframework.boot.test.json.DuplicateJsonObjectContextCustomizerFactory$DuplicateJsonObjectContextCustomizer@7fbdb894, org.springframework.boot.test.mock.mockito.MockitoContextCustomizer@0], contextLoader = 'org.springframework.test.context.support.DelegatingSmartContextLoader', parent = [null]]]
16:10:22.181 [Test worker] DEBUG org.springframework.test.context.cache - Spring test ApplicationContext cache statistics: [DefaultContextCache@34a1d21f size = 1, maxSize = 32, parentContextCount = 0, hitCount = 24, missCount = 1]
16:10:22.181 [Test worker] DEBUG org.springframework.test.context.cache.DefaultCacheAwareContextLoaderDelegate - Retrieved ApplicationContext [1868805237] from cache with key [[MergedContextConfiguration@6c2c1385 testClass = XssFilterAopReigsterTest, locations = '{}', classes = '{class org.stage.xss.core.XssFilterAop, class org.stage.xss.core.spi.TestXssFilter}', contextInitializerClasses = '[]', activeProfiles = '{}', propertySourceLocations = '{}', propertySourceProperties = '{}', contextCustomizers = set[org.springframework.boot.test.autoconfigure.actuate.metrics.MetricsExportContextCustomizerFactory$DisableMetricExportContextCustomizer@1fb19a0, org.springframework.boot.test.autoconfigure.properties.PropertyMappingContextCustomizer@0, org.springframework.boot.test.autoconfigure.web.servlet.WebDriverContextCustomizerFactory$Customizer@479ceda0, org.springframework.boot.test.context.filter.ExcludeFilterContextCustomizer@38ba6ce3, org.springframework.boot.test.json.DuplicateJsonObjectContextCustomizerFactory$DuplicateJsonObjectContextCustomizer@7fbdb894, org.springframework.boot.test.mock.mockito.MockitoContextCustomizer@0], contextLoader = 'org.springframework.test.context.support.DelegatingSmartContextLoader', parent = [null]]]
16:10:22.181 [Test worker] DEBUG org.springframework.test.context.cache - Spring test ApplicationContext cache statistics: [DefaultContextCache@34a1d21f size = 1, maxSize = 32, parentContextCount = 0, hitCount = 25, missCount = 1]
16:10:22.181 [Test worker] DEBUG org.springframework.test.context.cache.DefaultCacheAwareContextLoaderDelegate - Retrieved ApplicationContext [1868805237] from cache with key [[MergedContextConfiguration@6c2c1385 testClass = XssFilterAopReigsterTest, locations = '{}', classes = '{class org.stage.xss.core.XssFilterAop, class org.stage.xss.core.spi.TestXssFilter}', contextInitializerClasses = '[]', activeProfiles = '{}', propertySourceLocations = '{}', propertySourceProperties = '{}', contextCustomizers = set[org.springframework.boot.test.autoconfigure.actuate.metrics.MetricsExportContextCustomizerFactory$DisableMetricExportContextCustomizer@1fb19a0, org.springframework.boot.test.autoconfigure.properties.PropertyMappingContextCustomizer@0, org.springframework.boot.test.autoconfigure.web.servlet.WebDriverContextCustomizerFactory$Customizer@479ceda0, org.springframework.boot.test.context.filter.ExcludeFilterContextCustomizer@38ba6ce3, org.springframework.boot.test.json.DuplicateJsonObjectContextCustomizerFactory$DuplicateJsonObjectContextCustomizer@7fbdb894, org.springframework.boot.test.mock.mockito.MockitoContextCustomizer@0], contextLoader = 'org.springframework.test.context.support.DelegatingSmartContextLoader', parent = [null]]]
16:10:22.181 [Test worker] DEBUG org.springframework.test.context.cache - Spring test ApplicationContext cache statistics: [DefaultContextCache@34a1d21f size = 1, maxSize = 32, parentContextCount = 0, hitCount = 26, missCount = 1]
16:10:22.182 [Test worker] DEBUG org.springframework.aop.aspectj.annotation.ReflectiveAspectJAdvisorFactory - Found AspectJ method: public java.lang.Object org.stage.xss.core.XssFilterAop.doFiltering(org.aspectj.lang.ProceedingJoinPoint) throws java.lang.Throwable
16:10:22.183 [Test worker] DEBUG org.springframework.test.context.cache.DefaultCacheAwareContextLoaderDelegate - Retrieved ApplicationContext [1868805237] from cache with key [[MergedContextConfiguration@6c2c1385 testClass = XssFilterAopReigsterTest, locations = '{}', classes = '{class org.stage.xss.core.XssFilterAop, class org.stage.xss.core.spi.TestXssFilter}', contextInitializerClasses = '[]', activeProfiles = '{}', propertySourceLocations = '{}', propertySourceProperties = '{}', contextCustomizers = set[org.springframework.boot.test.autoconfigure.actuate.metrics.MetricsExportContextCustomizerFactory$DisableMetricExportContextCustomizer@1fb19a0, org.springframework.boot.test.autoconfigure.properties.PropertyMappingContextCustomizer@0, org.springframework.boot.test.autoconfigure.web.servlet.WebDriverContextCustomizerFactory$Customizer@479ceda0, org.springframework.boot.test.context.filter.ExcludeFilterContextCustomizer@38ba6ce3, org.springframework.boot.test.json.DuplicateJsonObjectContextCustomizerFactory$DuplicateJsonObjectContextCustomizer@7fbdb894, org.springframework.boot.test.mock.mockito.MockitoContextCustomizer@0], contextLoader = 'org.springframework.test.context.support.DelegatingSmartContextLoader', parent = [null]]]
16:10:22.183 [Test worker] DEBUG org.springframework.test.context.cache - Spring test ApplicationContext cache statistics: [DefaultContextCache@34a1d21f size = 1, maxSize = 32, parentContextCount = 0, hitCount = 27, missCount = 1]
16:10:22.183 [Test worker] DEBUG org.springframework.test.context.cache.DefaultCacheAwareContextLoaderDelegate - Retrieved ApplicationContext [1868805237] from cache with key [[MergedContextConfiguration@6c2c1385 testClass = XssFilterAopReigsterTest, locations = '{}', classes = '{class org.stage.xss.core.XssFilterAop, class org.stage.xss.core.spi.TestXssFilter}', contextInitializerClasses = '[]', activeProfiles = '{}', propertySourceLocations = '{}', propertySourceProperties = '{}', contextCustomizers = set[org.springframework.boot.test.autoconfigure.actuate.metrics.MetricsExportContextCustomizerFactory$DisableMetricExportContextCustomizer@1fb19a0, org.springframework.boot.test.autoconfigure.properties.PropertyMappingContextCustomizer@0, org.springframework.boot.test.autoconfigure.web.servlet.WebDriverContextCustomizerFactory$Customizer@479ceda0, org.springframework.boot.test.context.filter.ExcludeFilterContextCustomizer@38ba6ce3, org.springframework.boot.test.json.DuplicateJsonObjectContextCustomizerFactory$DuplicateJsonObjectContextCustomizer@7fbdb894, org.springframework.boot.test.mock.mockito.MockitoContextCustomizer@0], contextLoader = 'org.springframework.test.context.support.DelegatingSmartContextLoader', parent = [null]]]
16:10:22.183 [Test worker] DEBUG org.springframework.test.context.cache - Spring test ApplicationContext cache statistics: [DefaultContextCache@34a1d21f size = 1, maxSize = 32, parentContextCount = 0, hitCount = 28, missCount = 1]
16:10:22.183 [Test worker] DEBUG org.springframework.test.context.cache.DefaultCacheAwareContextLoaderDelegate - Retrieved ApplicationContext [1868805237] from cache with key [[MergedContextConfiguration@6c2c1385 testClass = XssFilterAopReigsterTest, locations = '{}', classes = '{class org.stage.xss.core.XssFilterAop, class org.stage.xss.core.spi.TestXssFilter}', contextInitializerClasses = '[]', activeProfiles = '{}', propertySourceLocations = '{}', propertySourceProperties = '{}', contextCustomizers = set[org.springframework.boot.test.autoconfigure.actuate.metrics.MetricsExportContextCustomizerFactory$DisableMetricExportContextCustomizer@1fb19a0, org.springframework.boot.test.autoconfigure.properties.PropertyMappingContextCustomizer@0, org.springframework.boot.test.autoconfigure.web.servlet.WebDriverContextCustomizerFactory$Customizer@479ceda0, org.springframework.boot.test.context.filter.ExcludeFilterContextCustomizer@38ba6ce3, org.springframework.boot.test.json.DuplicateJsonObjectContextCustomizerFactory$DuplicateJsonObjectContextCustomizer@7fbdb894, org.springframework.boot.test.mock.mockito.MockitoContextCustomizer@0], contextLoader = 'org.springframework.test.context.support.DelegatingSmartContextLoader', parent = [null]]]
16:10:22.183 [Test worker] DEBUG org.springframework.test.context.cache - Spring test ApplicationContext cache statistics: [DefaultContextCache@34a1d21f size = 1, maxSize = 32, parentContextCount = 0, hitCount = 29, missCount = 1]
16:10:22.184 [Test worker] DEBUG org.springframework.test.context.cache.DefaultCacheAwareContextLoaderDelegate - Retrieved ApplicationContext [1868805237] from cache with key [[MergedContextConfiguration@6c2c1385 testClass = XssFilterAopReigsterTest, locations = '{}', classes = '{class org.stage.xss.core.XssFilterAop, class org.stage.xss.core.spi.TestXssFilter}', contextInitializerClasses = '[]', activeProfiles = '{}', propertySourceLocations = '{}', propertySourceProperties = '{}', contextCustomizers = set[org.springframework.boot.test.autoconfigure.actuate.metrics.MetricsExportContextCustomizerFactory$DisableMetricExportContextCustomizer@1fb19a0, org.springframework.boot.test.autoconfigure.properties.PropertyMappingContextCustomizer@0, org.springframework.boot.test.autoconfigure.web.servlet.WebDriverContextCustomizerFactory$Customizer@479ceda0, org.springframework.boot.test.context.filter.ExcludeFilterContextCustomizer@38ba6ce3, org.springframework.boot.test.json.DuplicateJsonObjectContextCustomizerFactory$DuplicateJsonObjectContextCustomizer@7fbdb894, org.springframework.boot.test.mock.mockito.MockitoContextCustomizer@0], contextLoader = 'org.springframework.test.context.support.DelegatingSmartContextLoader', parent = [null]]]
16:10:22.184 [Test worker] DEBUG org.springframework.test.context.cache - Spring test ApplicationContext cache statistics: [DefaultContextCache@34a1d21f size = 1, maxSize = 32, parentContextCount = 0, hitCount = 30, missCount = 1]
16:10:22.184 [Test worker] DEBUG org.springframework.test.context.cache.DefaultCacheAwareContextLoaderDelegate - Retrieved ApplicationContext [1868805237] from cache with key [[MergedContextConfiguration@6c2c1385 testClass = XssFilterAopReigsterTest, locations = '{}', classes = '{class org.stage.xss.core.XssFilterAop, class org.stage.xss.core.spi.TestXssFilter}', contextInitializerClasses = '[]', activeProfiles = '{}', propertySourceLocations = '{}', propertySourceProperties = '{}', contextCustomizers = set[org.springframework.boot.test.autoconfigure.actuate.metrics.MetricsExportContextCustomizerFactory$DisableMetricExportContextCustomizer@1fb19a0, org.springframework.boot.test.autoconfigure.properties.PropertyMappingContextCustomizer@0, org.springframework.boot.test.autoconfigure.web.servlet.WebDriverContextCustomizerFactory$Customizer@479ceda0, org.springframework.boot.test.context.filter.ExcludeFilterContextCustomizer@38ba6ce3, org.springframework.boot.test.json.DuplicateJsonObjectContextCustomizerFactory$DuplicateJsonObjectContextCustomizer@7fbdb894, org.springframework.boot.test.mock.mockito.MockitoContextCustomizer@0], contextLoader = 'org.springframework.test.context.support.DelegatingSmartContextLoader', parent = [null]]]
16:10:22.184 [Test worker] DEBUG org.springframework.test.context.cache - Spring test ApplicationContext cache statistics: [DefaultContextCache@34a1d21f size = 1, maxSize = 32, parentContextCount = 0, hitCount = 31, missCount = 1]
16:10:22.184 [Test worker] DEBUG org.springframework.test.context.cache.DefaultCacheAwareContextLoaderDelegate - Retrieved ApplicationContext [1868805237] from cache with key [[MergedContextConfiguration@6c2c1385 testClass = XssFilterAopReigsterTest, locations = '{}', classes = '{class org.stage.xss.core.XssFilterAop, class org.stage.xss.core.spi.TestXssFilter}', contextInitializerClasses = '[]', activeProfiles = '{}', propertySourceLocations = '{}', propertySourceProperties = '{}', contextCustomizers = set[org.springframework.boot.test.autoconfigure.actuate.metrics.MetricsExportContextCustomizerFactory$DisableMetricExportContextCustomizer@1fb19a0, org.springframework.boot.test.autoconfigure.properties.PropertyMappingContextCustomizer@0, org.springframework.boot.test.autoconfigure.web.servlet.WebDriverContextCustomizerFactory$Customizer@479ceda0, org.springframework.boot.test.context.filter.ExcludeFilterContextCustomizer@38ba6ce3, org.springframework.boot.test.json.DuplicateJsonObjectContextCustomizerFactory$DuplicateJsonObjectContextCustomizer@7fbdb894, org.springframework.boot.test.mock.mockito.MockitoContextCustomizer@0], contextLoader = 'org.springframework.test.context.support.DelegatingSmartContextLoader', parent = [null]]]
16:10:22.184 [Test worker] DEBUG org.springframework.test.context.cache - Spring test ApplicationContext cache statistics: [DefaultContextCache@34a1d21f size = 1, maxSize = 32, parentContextCount = 0, hitCount = 32, missCount = 1]
16:10:22.184 [Test worker] DEBUG org.springframework.test.context.support.AbstractDirtiesContextTestExecutionListener - After test method: context [DefaultTestContext@67545b57 testClass = XssFilterAopReigsterTest, testInstance = org.stage.xss.core.XssFilterAopReigsterTest@31ceba99, testMethod = XSS_FILTERING_WRONG_XSS_VALUE_NAME_FAIL_TEST@XssFilterAopReigsterTest, testException = [null], mergedContextConfiguration = [MergedContextConfiguration@6c2c1385 testClass = XssFilterAopReigsterTest, locations = '{}', classes = '{class org.stage.xss.core.XssFilterAop, class org.stage.xss.core.spi.TestXssFilter}', contextInitializerClasses = '[]', activeProfiles = '{}', propertySourceLocations = '{}', propertySourceProperties = '{}', contextCustomizers = set[org.springframework.boot.test.autoconfigure.actuate.metrics.MetricsExportContextCustomizerFactory$DisableMetricExportContextCustomizer@1fb19a0, org.springframework.boot.test.autoconfigure.properties.PropertyMappingContextCustomizer@0, org.springframework.boot.test.autoconfigure.web.servlet.WebDriverContextCustomizerFactory$Customizer@479ceda0, org.springframework.boot.test.context.filter.ExcludeFilterContextCustomizer@38ba6ce3, org.springframework.boot.test.json.DuplicateJsonObjectContextCustomizerFactory$DuplicateJsonObjectContextCustomizer@7fbdb894, org.springframework.boot.test.mock.mockito.MockitoContextCustomizer@0], contextLoader = 'org.springframework.test.context.support.DelegatingSmartContextLoader', parent = [null]], attributes = map['org.springframework.test.context.event.ApplicationEventsTestExecutionListener.recordApplicationEvents' -> false]], class annotated with @DirtiesContext [false] with mode [null], method annotated with @DirtiesContext [false] with mode [null].
16:10:22.184 [Test worker] DEBUG org.springframework.test.context.support.DependencyInjectionTestExecutionListener - Performing dependency injection for test context [[DefaultTestContext@67545b57 testClass = XssFilterAopReigsterTest, testInstance = org.stage.xss.core.XssFilterAopReigsterTest@44924587, testMethod = [null], testException = [null], mergedContextConfiguration = [MergedContextConfiguration@6c2c1385 testClass = XssFilterAopReigsterTest, locations = '{}', classes = '{class org.stage.xss.core.XssFilterAop, class org.stage.xss.core.spi.TestXssFilter}', contextInitializerClasses = '[]', activeProfiles = '{}', propertySourceLocations = '{}', propertySourceProperties = '{}', contextCustomizers = set[org.springframework.boot.test.autoconfigure.actuate.metrics.MetricsExportContextCustomizerFactory$DisableMetricExportContextCustomizer@1fb19a0, org.springframework.boot.test.autoconfigure.properties.PropertyMappingContextCustomizer@0, org.springframework.boot.test.autoconfigure.web.servlet.WebDriverContextCustomizerFactory$Customizer@479ceda0, org.springframework.boot.test.context.filter.ExcludeFilterContextCustomizer@38ba6ce3, org.springframework.boot.test.json.DuplicateJsonObjectContextCustomizerFactory$DuplicateJsonObjectContextCustomizer@7fbdb894, org.springframework.boot.test.mock.mockito.MockitoContextCustomizer@0], contextLoader = 'org.springframework.test.context.support.DelegatingSmartContextLoader', parent = [null]], attributes = map['org.springframework.test.context.event.ApplicationEventsTestExecutionListener.recordApplicationEvents' -> false]]].
16:10:22.184 [Test worker] DEBUG org.springframework.test.context.cache.DefaultCacheAwareContextLoaderDelegate - Retrieved ApplicationContext [1868805237] from cache with key [[MergedContextConfiguration@6c2c1385 testClass = XssFilterAopReigsterTest, locations = '{}', classes = '{class org.stage.xss.core.XssFilterAop, class org.stage.xss.core.spi.TestXssFilter}', contextInitializerClasses = '[]', activeProfiles = '{}', propertySourceLocations = '{}', propertySourceProperties = '{}', contextCustomizers = set[org.springframework.boot.test.autoconfigure.actuate.metrics.MetricsExportContextCustomizerFactory$DisableMetricExportContextCustomizer@1fb19a0, org.springframework.boot.test.autoconfigure.properties.PropertyMappingContextCustomizer@0, org.springframework.boot.test.autoconfigure.web.servlet.WebDriverContextCustomizerFactory$Customizer@479ceda0, org.springframework.boot.test.context.filter.ExcludeFilterContextCustomizer@38ba6ce3, org.springframework.boot.test.json.DuplicateJsonObjectContextCustomizerFactory$DuplicateJsonObjectContextCustomizer@7fbdb894, org.springframework.boot.test.mock.mockito.MockitoContextCustomizer@0], contextLoader = 'org.springframework.test.context.support.DelegatingSmartContextLoader', parent = [null]]]
16:10:22.184 [Test worker] DEBUG org.springframework.test.context.cache - Spring test ApplicationContext cache statistics: [DefaultContextCache@34a1d21f size = 1, maxSize = 32, parentContextCount = 0, hitCount = 33, missCount = 1]
16:10:22.185 [Test worker] DEBUG org.springframework.test.context.cache.DefaultCacheAwareContextLoaderDelegate - Retrieved ApplicationContext [1868805237] from cache with key [[MergedContextConfiguration@6c2c1385 testClass = XssFilterAopReigsterTest, locations = '{}', classes = '{class org.stage.xss.core.XssFilterAop, class org.stage.xss.core.spi.TestXssFilter}', contextInitializerClasses = '[]', activeProfiles = '{}', propertySourceLocations = '{}', propertySourceProperties = '{}', contextCustomizers = set[org.springframework.boot.test.autoconfigure.actuate.metrics.MetricsExportContextCustomizerFactory$DisableMetricExportContextCustomizer@1fb19a0, org.springframework.boot.test.autoconfigure.properties.PropertyMappingContextCustomizer@0, org.springframework.boot.test.autoconfigure.web.servlet.WebDriverContextCustomizerFactory$Customizer@479ceda0, org.springframework.boot.test.context.filter.ExcludeFilterContextCustomizer@38ba6ce3, org.springframework.boot.test.json.DuplicateJsonObjectContextCustomizerFactory$DuplicateJsonObjectContextCustomizer@7fbdb894, org.springframework.boot.test.mock.mockito.MockitoContextCustomizer@0], contextLoader = 'org.springframework.test.context.support.DelegatingSmartContextLoader', parent = [null]]]
16:10:22.185 [Test worker] DEBUG org.springframework.test.context.cache - Spring test ApplicationContext cache statistics: [DefaultContextCache@34a1d21f size = 1, maxSize = 32, parentContextCount = 0, hitCount = 34, missCount = 1]
16:10:22.185 [Test worker] DEBUG org.springframework.test.context.support.AbstractDirtiesContextTestExecutionListener - Before test method: context [DefaultTestContext@67545b57 testClass = XssFilterAopReigsterTest, testInstance = org.stage.xss.core.XssFilterAopReigsterTest@44924587, testMethod = XSS_FILTERING_TWO_PARAMETER_TEST@XssFilterAopReigsterTest, testException = [null], mergedContextConfiguration = [MergedContextConfiguration@6c2c1385 testClass = XssFilterAopReigsterTest, locations = '{}', classes = '{class org.stage.xss.core.XssFilterAop, class org.stage.xss.core.spi.TestXssFilter}', contextInitializerClasses = '[]', activeProfiles = '{}', propertySourceLocations = '{}', propertySourceProperties = '{}', contextCustomizers = set[org.springframework.boot.test.autoconfigure.actuate.metrics.MetricsExportContextCustomizerFactory$DisableMetricExportContextCustomizer@1fb19a0, org.springframework.boot.test.autoconfigure.properties.PropertyMappingContextCustomizer@0, org.springframework.boot.test.autoconfigure.web.servlet.WebDriverContextCustomizerFactory$Customizer@479ceda0, org.springframework.boot.test.context.filter.ExcludeFilterContextCustomizer@38ba6ce3, org.springframework.boot.test.json.DuplicateJsonObjectContextCustomizerFactory$DuplicateJsonObjectContextCustomizer@7fbdb894, org.springframework.boot.test.mock.mockito.MockitoContextCustomizer@0], contextLoader = 'org.springframework.test.context.support.DelegatingSmartContextLoader', parent = [null]], attributes = map['org.springframework.test.context.event.ApplicationEventsTestExecutionListener.recordApplicationEvents' -> false]], class annotated with @DirtiesContext [false] with mode [null], method annotated with @DirtiesContext [false] with mode [null].
16:10:22.185 [Test worker] DEBUG org.springframework.test.context.cache.DefaultCacheAwareContextLoaderDelegate - Retrieved ApplicationContext [1868805237] from cache with key [[MergedContextConfiguration@6c2c1385 testClass = XssFilterAopReigsterTest, locations = '{}', classes = '{class org.stage.xss.core.XssFilterAop, class org.stage.xss.core.spi.TestXssFilter}', contextInitializerClasses = '[]', activeProfiles = '{}', propertySourceLocations = '{}', propertySourceProperties = '{}', contextCustomizers = set[org.springframework.boot.test.autoconfigure.actuate.metrics.MetricsExportContextCustomizerFactory$DisableMetricExportContextCustomizer@1fb19a0, org.springframework.boot.test.autoconfigure.properties.PropertyMappingContextCustomizer@0, org.springframework.boot.test.autoconfigure.web.servlet.WebDriverContextCustomizerFactory$Customizer@479ceda0, org.springframework.boot.test.context.filter.ExcludeFilterContextCustomizer@38ba6ce3, org.springframework.boot.test.json.DuplicateJsonObjectContextCustomizerFactory$DuplicateJsonObjectContextCustomizer@7fbdb894, org.springframework.boot.test.mock.mockito.MockitoContextCustomizer@0], contextLoader = 'org.springframework.test.context.support.DelegatingSmartContextLoader', parent = [null]]]
16:10:22.185 [Test worker] DEBUG org.springframework.test.context.cache - Spring test ApplicationContext cache statistics: [DefaultContextCache@34a1d21f size = 1, maxSize = 32, parentContextCount = 0, hitCount = 35, missCount = 1]
16:10:22.185 [Test worker] DEBUG org.springframework.test.context.cache.DefaultCacheAwareContextLoaderDelegate - Retrieved ApplicationContext [1868805237] from cache with key [[MergedContextConfiguration@6c2c1385 testClass = XssFilterAopReigsterTest, locations = '{}', classes = '{class org.stage.xss.core.XssFilterAop, class org.stage.xss.core.spi.TestXssFilter}', contextInitializerClasses = '[]', activeProfiles = '{}', propertySourceLocations = '{}', propertySourceProperties = '{}', contextCustomizers = set[org.springframework.boot.test.autoconfigure.actuate.metrics.MetricsExportContextCustomizerFactory$DisableMetricExportContextCustomizer@1fb19a0, org.springframework.boot.test.autoconfigure.properties.PropertyMappingContextCustomizer@0, org.springframework.boot.test.autoconfigure.web.servlet.WebDriverContextCustomizerFactory$Customizer@479ceda0, org.springframework.boot.test.context.filter.ExcludeFilterContextCustomizer@38ba6ce3, org.springframework.boot.test.json.DuplicateJsonObjectContextCustomizerFactory$DuplicateJsonObjectContextCustomizer@7fbdb894, org.springframework.boot.test.mock.mockito.MockitoContextCustomizer@0], contextLoader = 'org.springframework.test.context.support.DelegatingSmartContextLoader', parent = [null]]]
16:10:22.185 [Test worker] DEBUG org.springframework.test.context.cache - Spring test ApplicationContext cache statistics: [DefaultContextCache@34a1d21f size = 1, maxSize = 32, parentContextCount = 0, hitCount = 36, missCount = 1]
16:10:22.185 [Test worker] DEBUG org.springframework.test.context.cache.DefaultCacheAwareContextLoaderDelegate - Retrieved ApplicationContext [1868805237] from cache with key [[MergedContextConfiguration@6c2c1385 testClass = XssFilterAopReigsterTest, locations = '{}', classes = '{class org.stage.xss.core.XssFilterAop, class org.stage.xss.core.spi.TestXssFilter}', contextInitializerClasses = '[]', activeProfiles = '{}', propertySourceLocations = '{}', propertySourceProperties = '{}', contextCustomizers = set[org.springframework.boot.test.autoconfigure.actuate.metrics.MetricsExportContextCustomizerFactory$DisableMetricExportContextCustomizer@1fb19a0, org.springframework.boot.test.autoconfigure.properties.PropertyMappingContextCustomizer@0, org.springframework.boot.test.autoconfigure.web.servlet.WebDriverContextCustomizerFactory$Customizer@479ceda0, org.springframework.boot.test.context.filter.ExcludeFilterContextCustomizer@38ba6ce3, org.springframework.boot.test.json.DuplicateJsonObjectContextCustomizerFactory$DuplicateJsonObjectContextCustomizer@7fbdb894, org.springframework.boot.test.mock.mockito.MockitoContextCustomizer@0], contextLoader = 'org.springframework.test.context.support.DelegatingSmartContextLoader', parent = [null]]]
16:10:22.185 [Test worker] DEBUG org.springframework.test.context.cache - Spring test ApplicationContext cache statistics: [DefaultContextCache@34a1d21f size = 1, maxSize = 32, parentContextCount = 0, hitCount = 37, missCount = 1]
16:10:22.186 [Test worker] DEBUG org.springframework.aop.aspectj.annotation.ReflectiveAspectJAdvisorFactory - Found AspectJ method: public java.lang.Object org.stage.xss.core.XssFilterAop.doFiltering(org.aspectj.lang.ProceedingJoinPoint) throws java.lang.Throwable
16:10:22.186 [Test worker] DEBUG org.springframework.test.context.cache.DefaultCacheAwareContextLoaderDelegate - Retrieved ApplicationContext [1868805237] from cache with key [[MergedContextConfiguration@6c2c1385 testClass = XssFilterAopReigsterTest, locations = '{}', classes = '{class org.stage.xss.core.XssFilterAop, class org.stage.xss.core.spi.TestXssFilter}', contextInitializerClasses = '[]', activeProfiles = '{}', propertySourceLocations = '{}', propertySourceProperties = '{}', contextCustomizers = set[org.springframework.boot.test.autoconfigure.actuate.metrics.MetricsExportContextCustomizerFactory$DisableMetricExportContextCustomizer@1fb19a0, org.springframework.boot.test.autoconfigure.properties.PropertyMappingContextCustomizer@0, org.springframework.boot.test.autoconfigure.web.servlet.WebDriverContextCustomizerFactory$Customizer@479ceda0, org.springframework.boot.test.context.filter.ExcludeFilterContextCustomizer@38ba6ce3, org.springframework.boot.test.json.DuplicateJsonObjectContextCustomizerFactory$DuplicateJsonObjectContextCustomizer@7fbdb894, org.springframework.boot.test.mock.mockito.MockitoContextCustomizer@0], contextLoader = 'org.springframework.test.context.support.DelegatingSmartContextLoader', parent = [null]]]
16:10:22.187 [Test worker] DEBUG org.springframework.test.context.cache - Spring test ApplicationContext cache statistics: [DefaultContextCache@34a1d21f size = 1, maxSize = 32, parentContextCount = 0, hitCount = 38, missCount = 1]
16:10:22.187 [Test worker] DEBUG org.springframework.test.context.cache.DefaultCacheAwareContextLoaderDelegate - Retrieved ApplicationContext [1868805237] from cache with key [[MergedContextConfiguration@6c2c1385 testClass = XssFilterAopReigsterTest, locations = '{}', classes = '{class org.stage.xss.core.XssFilterAop, class org.stage.xss.core.spi.TestXssFilter}', contextInitializerClasses = '[]', activeProfiles = '{}', propertySourceLocations = '{}', propertySourceProperties = '{}', contextCustomizers = set[org.springframework.boot.test.autoconfigure.actuate.metrics.MetricsExportContextCustomizerFactory$DisableMetricExportContextCustomizer@1fb19a0, org.springframework.boot.test.autoconfigure.properties.PropertyMappingContextCustomizer@0, org.springframework.boot.test.autoconfigure.web.servlet.WebDriverContextCustomizerFactory$Customizer@479ceda0, org.springframework.boot.test.context.filter.ExcludeFilterContextCustomizer@38ba6ce3, org.springframework.boot.test.json.DuplicateJsonObjectContextCustomizerFactory$DuplicateJsonObjectContextCustomizer@7fbdb894, org.springframework.boot.test.mock.mockito.MockitoContextCustomizer@0], contextLoader = 'org.springframework.test.context.support.DelegatingSmartContextLoader', parent = [null]]]
16:10:22.187 [Test worker] DEBUG org.springframework.test.context.cache - Spring test ApplicationContext cache statistics: [DefaultContextCache@34a1d21f size = 1, maxSize = 32, parentContextCount = 0, hitCount = 39, missCount = 1]
16:10:22.187 [Test worker] DEBUG org.springframework.test.context.cache.DefaultCacheAwareContextLoaderDelegate - Retrieved ApplicationContext [1868805237] from cache with key [[MergedContextConfiguration@6c2c1385 testClass = XssFilterAopReigsterTest, locations = '{}', classes = '{class org.stage.xss.core.XssFilterAop, class org.stage.xss.core.spi.TestXssFilter}', contextInitializerClasses = '[]', activeProfiles = '{}', propertySourceLocations = '{}', propertySourceProperties = '{}', contextCustomizers = set[org.springframework.boot.test.autoconfigure.actuate.metrics.MetricsExportContextCustomizerFactory$DisableMetricExportContextCustomizer@1fb19a0, org.springframework.boot.test.autoconfigure.properties.PropertyMappingContextCustomizer@0, org.springframework.boot.test.autoconfigure.web.servlet.WebDriverContextCustomizerFactory$Customizer@479ceda0, org.springframework.boot.test.context.filter.ExcludeFilterContextCustomizer@38ba6ce3, org.springframework.boot.test.json.DuplicateJsonObjectContextCustomizerFactory$DuplicateJsonObjectContextCustomizer@7fbdb894, org.springframework.boot.test.mock.mockito.MockitoContextCustomizer@0], contextLoader = 'org.springframework.test.context.support.DelegatingSmartContextLoader', parent = [null]]]
16:10:22.187 [Test worker] DEBUG org.springframework.test.context.cache - Spring test ApplicationContext cache statistics: [DefaultContextCache@34a1d21f size = 1, maxSize = 32, parentContextCount = 0, hitCount = 40, missCount = 1]
16:10:22.187 [Test worker] DEBUG org.springframework.test.context.cache.DefaultCacheAwareContextLoaderDelegate - Retrieved ApplicationContext [1868805237] from cache with key [[MergedContextConfiguration@6c2c1385 testClass = XssFilterAopReigsterTest, locations = '{}', classes = '{class org.stage.xss.core.XssFilterAop, class org.stage.xss.core.spi.TestXssFilter}', contextInitializerClasses = '[]', activeProfiles = '{}', propertySourceLocations = '{}', propertySourceProperties = '{}', contextCustomizers = set[org.springframework.boot.test.autoconfigure.actuate.metrics.MetricsExportContextCustomizerFactory$DisableMetricExportContextCustomizer@1fb19a0, org.springframework.boot.test.autoconfigure.properties.PropertyMappingContextCustomizer@0, org.springframework.boot.test.autoconfigure.web.servlet.WebDriverContextCustomizerFactory$Customizer@479ceda0, org.springframework.boot.test.context.filter.ExcludeFilterContextCustomizer@38ba6ce3, org.springframework.boot.test.json.DuplicateJsonObjectContextCustomizerFactory$DuplicateJsonObjectContextCustomizer@7fbdb894, org.springframework.boot.test.mock.mockito.MockitoContextCustomizer@0], contextLoader = 'org.springframework.test.context.support.DelegatingSmartContextLoader', parent = [null]]]
16:10:22.187 [Test worker] DEBUG org.springframework.test.context.cache - Spring test ApplicationContext cache statistics: [DefaultContextCache@34a1d21f size = 1, maxSize = 32, parentContextCount = 0, hitCount = 41, missCount = 1]
16:10:22.187 [Test worker] DEBUG org.springframework.test.context.cache.DefaultCacheAwareContextLoaderDelegate - Retrieved ApplicationContext [1868805237] from cache with key [[MergedContextConfiguration@6c2c1385 testClass = XssFilterAopReigsterTest, locations = '{}', classes = '{class org.stage.xss.core.XssFilterAop, class org.stage.xss.core.spi.TestXssFilter}', contextInitializerClasses = '[]', activeProfiles = '{}', propertySourceLocations = '{}', propertySourceProperties = '{}', contextCustomizers = set[org.springframework.boot.test.autoconfigure.actuate.metrics.MetricsExportContextCustomizerFactory$DisableMetricExportContextCustomizer@1fb19a0, org.springframework.boot.test.autoconfigure.properties.PropertyMappingContextCustomizer@0, org.springframework.boot.test.autoconfigure.web.servlet.WebDriverContextCustomizerFactory$Customizer@479ceda0, org.springframework.boot.test.context.filter.ExcludeFilterContextCustomizer@38ba6ce3, org.springframework.boot.test.json.DuplicateJsonObjectContextCustomizerFactory$DuplicateJsonObjectContextCustomizer@7fbdb894, org.springframework.boot.test.mock.mockito.MockitoContextCustomizer@0], contextLoader = 'org.springframework.test.context.support.DelegatingSmartContextLoader', parent = [null]]]
16:10:22.187 [Test worker] DEBUG org.springframework.test.context.cache - Spring test ApplicationContext cache statistics: [DefaultContextCache@34a1d21f size = 1, maxSize = 32, parentContextCount = 0, hitCount = 42, missCount = 1]
16:10:22.187 [Test worker] DEBUG org.springframework.test.context.cache.DefaultCacheAwareContextLoaderDelegate - Retrieved ApplicationContext [1868805237] from cache with key [[MergedContextConfiguration@6c2c1385 testClass = XssFilterAopReigsterTest, locations = '{}', classes = '{class org.stage.xss.core.XssFilterAop, class org.stage.xss.core.spi.TestXssFilter}', contextInitializerClasses = '[]', activeProfiles = '{}', propertySourceLocations = '{}', propertySourceProperties = '{}', contextCustomizers = set[org.springframework.boot.test.autoconfigure.actuate.metrics.MetricsExportContextCustomizerFactory$DisableMetricExportContextCustomizer@1fb19a0, org.springframework.boot.test.autoconfigure.properties.PropertyMappingContextCustomizer@0, org.springframework.boot.test.autoconfigure.web.servlet.WebDriverContextCustomizerFactory$Customizer@479ceda0, org.springframework.boot.test.context.filter.ExcludeFilterContextCustomizer@38ba6ce3, org.springframework.boot.test.json.DuplicateJsonObjectContextCustomizerFactory$DuplicateJsonObjectContextCustomizer@7fbdb894, org.springframework.boot.test.mock.mockito.MockitoContextCustomizer@0], contextLoader = 'org.springframework.test.context.support.DelegatingSmartContextLoader', parent = [null]]]
16:10:22.187 [Test worker] DEBUG org.springframework.test.context.cache - Spring test ApplicationContext cache statistics: [DefaultContextCache@34a1d21f size = 1, maxSize = 32, parentContextCount = 0, hitCount = 43, missCount = 1]
16:10:22.187 [Test worker] DEBUG org.springframework.test.context.support.AbstractDirtiesContextTestExecutionListener - After test method: context [DefaultTestContext@67545b57 testClass = XssFilterAopReigsterTest, testInstance = org.stage.xss.core.XssFilterAopReigsterTest@44924587, testMethod = XSS_FILTERING_TWO_PARAMETER_TEST@XssFilterAopReigsterTest, testException = [null], mergedContextConfiguration = [MergedContextConfiguration@6c2c1385 testClass = XssFilterAopReigsterTest, locations = '{}', classes = '{class org.stage.xss.core.XssFilterAop, class org.stage.xss.core.spi.TestXssFilter}', contextInitializerClasses = '[]', activeProfiles = '{}', propertySourceLocations = '{}', propertySourceProperties = '{}', contextCustomizers = set[org.springframework.boot.test.autoconfigure.actuate.metrics.MetricsExportContextCustomizerFactory$DisableMetricExportContextCustomizer@1fb19a0, org.springframework.boot.test.autoconfigure.properties.PropertyMappingContextCustomizer@0, org.springframework.boot.test.autoconfigure.web.servlet.WebDriverContextCustomizerFactory$Customizer@479ceda0, org.springframework.boot.test.context.filter.ExcludeFilterContextCustomizer@38ba6ce3, org.springframework.boot.test.json.DuplicateJsonObjectContextCustomizerFactory$DuplicateJsonObjectContextCustomizer@7fbdb894, org.springframework.boot.test.mock.mockito.MockitoContextCustomizer@0], contextLoader = 'org.springframework.test.context.support.DelegatingSmartContextLoader', parent = [null]], attributes = map['org.springframework.test.context.event.ApplicationEventsTestExecutionListener.recordApplicationEvents' -> false]], class annotated with @DirtiesContext [false] with mode [null], method annotated with @DirtiesContext [false] with mode [null].
16:10:22.188 [Test worker] DEBUG org.springframework.test.context.cache.DefaultCacheAwareContextLoaderDelegate - Retrieved ApplicationContext [1868805237] from cache with key [[MergedContextConfiguration@6c2c1385 testClass = XssFilterAopReigsterTest, locations = '{}', classes = '{class org.stage.xss.core.XssFilterAop, class org.stage.xss.core.spi.TestXssFilter}', contextInitializerClasses = '[]', activeProfiles = '{}', propertySourceLocations = '{}', propertySourceProperties = '{}', contextCustomizers = set[org.springframework.boot.test.autoconfigure.actuate.metrics.MetricsExportContextCustomizerFactory$DisableMetricExportContextCustomizer@1fb19a0, org.springframework.boot.test.autoconfigure.properties.PropertyMappingContextCustomizer@0, org.springframework.boot.test.autoconfigure.web.servlet.WebDriverContextCustomizerFactory$Customizer@479ceda0, org.springframework.boot.test.context.filter.ExcludeFilterContextCustomizer@38ba6ce3, org.springframework.boot.test.json.DuplicateJsonObjectContextCustomizerFactory$DuplicateJsonObjectContextCustomizer@7fbdb894, org.springframework.boot.test.mock.mockito.MockitoContextCustomizer@0], contextLoader = 'org.springframework.test.context.support.DelegatingSmartContextLoader', parent = [null]]]
16:10:22.188 [Test worker] DEBUG org.springframework.test.context.cache - Spring test ApplicationContext cache statistics: [DefaultContextCache@34a1d21f size = 1, maxSize = 32, parentContextCount = 0, hitCount = 44, missCount = 1]
16:10:22.188 [Test worker] DEBUG org.springframework.test.context.support.AbstractDirtiesContextTestExecutionListener - After test class: context [DefaultTestContext@67545b57 testClass = XssFilterAopReigsterTest, testInstance = [null], testMethod = [null], testException = [null], mergedContextConfiguration = [MergedContextConfiguration@6c2c1385 testClass = XssFilterAopReigsterTest, locations = '{}', classes = '{class org.stage.xss.core.XssFilterAop, class org.stage.xss.core.spi.TestXssFilter}', contextInitializerClasses = '[]', activeProfiles = '{}', propertySourceLocations = '{}', propertySourceProperties = '{}', contextCustomizers = set[org.springframework.boot.test.autoconfigure.actuate.metrics.MetricsExportContextCustomizerFactory$DisableMetricExportContextCustomizer@1fb19a0, org.springframework.boot.test.autoconfigure.properties.PropertyMappingContextCustomizer@0, org.springframework.boot.test.autoconfigure.web.servlet.WebDriverContextCustomizerFactory$Customizer@479ceda0, org.springframework.boot.test.context.filter.ExcludeFilterContextCustomizer@38ba6ce3, org.springframework.boot.test.json.DuplicateJsonObjectContextCustomizerFactory$DuplicateJsonObjectContextCustomizer@7fbdb894, org.springframework.boot.test.mock.mockito.MockitoContextCustomizer@0], contextLoader = 'org.springframework.test.context.support.DelegatingSmartContextLoader', parent = [null]], attributes = map['org.springframework.test.context.event.ApplicationEventsTestExecutionListener.recordApplicationEvents' -> false]], class annotated with @DirtiesContext [false] with mode [null].
]]></system-out>
  <system-err><![CDATA[]]></system-err>
</testsuite>
